{"/workspace/frontend/src/App.tsx": {"path":"/workspace/frontend/src/App.tsx","statementMap":{"0":{"start":{"line":37,"column":20},"end":{"line":45,"column":2}},"1":{"start":{"line":48,"column":52},"end":{"line":48,"column":66}},"2":{"start":{"line":50,"column":2},"end":{"line":52,"column":18}},"3":{"start":{"line":51,"column":4},"end":{"line":51,"column":16}},"4":{"start":{"line":54,"column":2},"end":{"line":60,"column":3}},"5":{"start":{"line":55,"column":4},"end":{"line":59,"column":6}},"6":{"start":{"line":62,"column":2},"end":{"line":140,"column":4}}},"fnMap":{"0":{"name":"App","decl":{"start":{"line":47,"column":9},"end":{"line":47,"column":12}},"loc":{"start":{"line":47,"column":15},"end":{"line":141,"column":1}},"line":47},"1":{"name":"(anonymous_1)","decl":{"start":{"line":50,"column":12},"end":{"line":50,"column":13}},"loc":{"start":{"line":50,"column":18},"end":{"line":52,"column":3}},"line":50}},"branchMap":{"0":{"loc":{"start":{"line":54,"column":2},"end":{"line":60,"column":3}},"type":"if","locations":[{"start":{"line":54,"column":2},"end":{"line":60,"column":3}},{"start":{},"end":{}}],"line":54},"1":{"loc":{"start":{"line":72,"column":18},"end":{"line":72,"column":88}},"type":"cond-expr","locations":[{"start":{"line":72,"column":36},"end":{"line":72,"column":72}},{"start":{"line":72,"column":75},"end":{"line":72,"column":88}}],"line":72},"2":{"loc":{"start":{"line":78,"column":18},"end":{"line":78,"column":91}},"type":"cond-expr","locations":[{"start":{"line":78,"column":36},"end":{"line":78,"column":72}},{"start":{"line":78,"column":75},"end":{"line":78,"column":91}}],"line":78}},"s":{"0":0,"1":0,"2":0,"3":0,"4":0,"5":0,"6":0},"f":{"0":0,"1":0},"b":{"0":[0,0],"1":[0,0],"2":[0,0]}}
,"/workspace/frontend/src/index.tsx": {"path":"/workspace/frontend/src/index.tsx","statementMap":{"0":{"start":{"line":5,"column":13},"end":{"line":7,"column":1}},"1":{"start":{"line":9,"column":0},"end":{"line":13,"column":2}}},"fnMap":{},"branchMap":{},"s":{"0":0,"1":0},"f":{},"b":{}}
,"/workspace/frontend/src/components/Auth/ProtectedRoute.tsx": {"path":"/workspace/frontend/src/components/Auth/ProtectedRoute.tsx","statementMap":{"0":{"start":{"line":10,"column":54},"end":{"line":28,"column":1}},"1":{"start":{"line":11,"column":41},"end":{"line":11,"column":55}},"2":{"start":{"line":12,"column":19},"end":{"line":12,"column":32}},"3":{"start":{"line":14,"column":2},"end":{"line":20,"column":3}},"4":{"start":{"line":15,"column":4},"end":{"line":19,"column":6}},"5":{"start":{"line":22,"column":2},"end":{"line":25,"column":3}},"6":{"start":{"line":24,"column":4},"end":{"line":24,"column":71}},"7":{"start":{"line":27,"column":2},"end":{"line":27,"column":25}}},"fnMap":{"0":{"name":"(anonymous_0)","decl":{"start":{"line":10,"column":54},"end":{"line":10,"column":55}},"loc":{"start":{"line":10,"column":72},"end":{"line":28,"column":1}},"line":10}},"branchMap":{"0":{"loc":{"start":{"line":14,"column":2},"end":{"line":20,"column":3}},"type":"if","locations":[{"start":{"line":14,"column":2},"end":{"line":20,"column":3}},{"start":{},"end":{}}],"line":14},"1":{"loc":{"start":{"line":22,"column":2},"end":{"line":25,"column":3}},"type":"if","locations":[{"start":{"line":22,"column":2},"end":{"line":25,"column":3}},{"start":{},"end":{}}],"line":22}},"s":{"0":0,"1":0,"2":0,"3":0,"4":0,"5":0,"6":0,"7":0},"f":{"0":0},"b":{"0":[0,0],"1":[0,0]}}
,"/workspace/frontend/src/components/Layout/Layout.tsx": {"path":"/workspace/frontend/src/components/Layout/Layout.tsx","statementMap":{"0":{"start":{"line":26,"column":25},"end":{"line":278,"column":1}},"1":{"start":{"line":27,"column":40},"end":{"line":27,"column":55}},"2":{"start":{"line":28,"column":34},"end":{"line":28,"column":49}},"3":{"start":{"line":29,"column":19},"end":{"line":29,"column":32}},"4":{"start":{"line":30,"column":19},"end":{"line":30,"column":32}},"5":{"start":{"line":32,"column":27},"end":{"line":32,"column":41}},"6":{"start":{"line":33,"column":46},"end":{"line":33,"column":69}},"7":{"start":{"line":36,"column":26},"end":{"line":46,"column":3}},"8":{"start":{"line":49,"column":24},"end":{"line":64,"column":3}},"9":{"start":{"line":50,"column":4},"end":{"line":50,"column":28}},"10":{"start":{"line":50,"column":15},"end":{"line":50,"column":28}},"11":{"start":{"line":53,"column":4},"end":{"line":53,"column":43}},"12":{"start":{"line":53,"column":31},"end":{"line":53,"column":43}},"13":{"start":{"line":56,"column":54},"end":{"line":61,"column":5}},"14":{"start":{"line":63,"column":4},"end":{"line":63,"column":63}},"15":{"start":{"line":67,"column":34},"end":{"line":67,"column":90}},"16":{"start":{"line":67,"column":65},"end":{"line":67,"column":89}},"17":{"start":{"line":69,"column":2},"end":{"line":78,"column":9}},"18":{"start":{"line":70,"column":24},"end":{"line":72,"column":5}},"19":{"start":{"line":71,"column":6},"end":{"line":71,"column":43}},"20":{"start":{"line":74,"column":4},"end":{"line":74,"column":18}},"21":{"start":{"line":75,"column":4},"end":{"line":75,"column":51}},"22":{"start":{"line":77,"column":4},"end":{"line":77,"column":67}},"23":{"start":{"line":77,"column":17},"end":{"line":77,"column":66}},"24":{"start":{"line":80,"column":2},"end":{"line":93,"column":27}},"25":{"start":{"line":82,"column":4},"end":{"line":82,"column":25}},"26":{"start":{"line":85,"column":4},"end":{"line":88,"column":7}},"27":{"start":{"line":86,"column":6},"end":{"line":86,"column":42}},"28":{"start":{"line":87,"column":6},"end":{"line":87,"column":27}},"29":{"start":{"line":90,"column":4},"end":{"line":92,"column":6}},"30":{"start":{"line":91,"column":6},"end":{"line":91,"column":43}},"31":{"start":{"line":95,"column":23},"end":{"line":103,"column":3}},"32":{"start":{"line":96,"column":4},"end":{"line":102,"column":5}},"33":{"start":{"line":97,"column":6},"end":{"line":97,"column":21}},"34":{"start":{"line":98,"column":6},"end":{"line":98,"column":47}},"35":{"start":{"line":99,"column":6},"end":{"line":99,"column":25}},"36":{"start":{"line":101,"column":6},"end":{"line":101,"column":35}},"37":{"start":{"line":105,"column":24},"end":{"line":107,"column":3}},"38":{"start":{"line":106,"column":4},"end":{"line":106,"column":38}},"39":{"start":{"line":109,"column":2},"end":{"line":277,"column":4}},"40":{"start":{"line":115,"column":25},"end":{"line":115,"column":46}},"41":{"start":{"line":138,"column":29},"end":{"line":138,"column":50}},"42":{"start":{"line":165,"column":27},"end":{"line":165,"column":36}},"43":{"start":{"line":166,"column":14},"end":{"line":184,"column":16}},"44":{"start":{"line":170,"column":20},"end":{"line":170,"column":40}},"45":{"start":{"line":171,"column":20},"end":{"line":171,"column":56}},"46":{"start":{"line":171,"column":34},"end":{"line":171,"column":56}},"47":{"start":{"line":192,"column":31},"end":{"line":192,"column":51}},"48":{"start":{"line":199,"column":31},"end":{"line":199,"column":52}},"49":{"start":{"line":224,"column":31},"end":{"line":224,"column":51}},"50":{"start":{"line":230,"column":46},"end":{"line":230,"column":70}},"51":{"start":{"line":237,"column":31},"end":{"line":237,"column":57}}},"fnMap":{"0":{"name":"(anonymous_0)","decl":{"start":{"line":26,"column":25},"end":{"line":26,"column":26}},"loc":{"start":{"line":26,"column":31},"end":{"line":278,"column":1}},"line":26},"1":{"name":"(anonymous_1)","decl":{"start":{"line":49,"column":24},"end":{"line":49,"column":25}},"loc":{"start":{"line":49,"column":42},"end":{"line":64,"column":3}},"line":49},"2":{"name":"(anonymous_2)","decl":{"start":{"line":67,"column":57},"end":{"line":67,"column":58}},"loc":{"start":{"line":67,"column":65},"end":{"line":67,"column":89}},"line":67},"3":{"name":"(anonymous_3)","decl":{"start":{"line":69,"column":12},"end":{"line":69,"column":13}},"loc":{"start":{"line":69,"column":18},"end":{"line":78,"column":3}},"line":69},"4":{"name":"(anonymous_4)","decl":{"start":{"line":70,"column":24},"end":{"line":70,"column":25}},"loc":{"start":{"line":70,"column":30},"end":{"line":72,"column":5}},"line":70},"5":{"name":"(anonymous_5)","decl":{"start":{"line":77,"column":11},"end":{"line":77,"column":12}},"loc":{"start":{"line":77,"column":17},"end":{"line":77,"column":66}},"line":77},"6":{"name":"(anonymous_6)","decl":{"start":{"line":80,"column":12},"end":{"line":80,"column":13}},"loc":{"start":{"line":80,"column":18},"end":{"line":93,"column":3}},"line":80},"7":{"name":"(anonymous_7)","decl":{"start":{"line":85,"column":36},"end":{"line":85,"column":37}},"loc":{"start":{"line":85,"column":54},"end":{"line":88,"column":5}},"line":85},"8":{"name":"(anonymous_8)","decl":{"start":{"line":90,"column":11},"end":{"line":90,"column":12}},"loc":{"start":{"line":90,"column":17},"end":{"line":92,"column":5}},"line":90},"9":{"name":"(anonymous_9)","decl":{"start":{"line":95,"column":23},"end":{"line":95,"column":24}},"loc":{"start":{"line":95,"column":35},"end":{"line":103,"column":3}},"line":95},"10":{"name":"(anonymous_10)","decl":{"start":{"line":105,"column":24},"end":{"line":105,"column":25}},"loc":{"start":{"line":105,"column":42},"end":{"line":107,"column":3}},"line":105},"11":{"name":"(anonymous_11)","decl":{"start":{"line":115,"column":19},"end":{"line":115,"column":20}},"loc":{"start":{"line":115,"column":25},"end":{"line":115,"column":46}},"line":115},"12":{"name":"(anonymous_12)","decl":{"start":{"line":138,"column":23},"end":{"line":138,"column":24}},"loc":{"start":{"line":138,"column":29},"end":{"line":138,"column":50}},"line":138},"13":{"name":"(anonymous_13)","decl":{"start":{"line":164,"column":41},"end":{"line":164,"column":42}},"loc":{"start":{"line":164,"column":51},"end":{"line":185,"column":13}},"line":164},"14":{"name":"(anonymous_14)","decl":{"start":{"line":169,"column":27},"end":{"line":169,"column":28}},"loc":{"start":{"line":169,"column":33},"end":{"line":172,"column":19}},"line":169},"15":{"name":"(anonymous_15)","decl":{"start":{"line":192,"column":25},"end":{"line":192,"column":26}},"loc":{"start":{"line":192,"column":31},"end":{"line":192,"column":51}},"line":192},"16":{"name":"(anonymous_16)","decl":{"start":{"line":199,"column":25},"end":{"line":199,"column":26}},"loc":{"start":{"line":199,"column":31},"end":{"line":199,"column":52}},"line":199},"17":{"name":"(anonymous_17)","decl":{"start":{"line":224,"column":25},"end":{"line":224,"column":26}},"loc":{"start":{"line":224,"column":31},"end":{"line":224,"column":51}},"line":224},"18":{"name":"(anonymous_18)","decl":{"start":{"line":230,"column":38},"end":{"line":230,"column":39}},"loc":{"start":{"line":230,"column":46},"end":{"line":230,"column":70}},"line":230},"19":{"name":"(anonymous_19)","decl":{"start":{"line":237,"column":25},"end":{"line":237,"column":26}},"loc":{"start":{"line":237,"column":31},"end":{"line":237,"column":57}},"line":237}},"branchMap":{"0":{"loc":{"start":{"line":50,"column":4},"end":{"line":50,"column":28}},"type":"if","locations":[{"start":{"line":50,"column":4},"end":{"line":50,"column":28}},{"start":{},"end":{}}],"line":50},"1":{"loc":{"start":{"line":53,"column":4},"end":{"line":53,"column":43}},"type":"if","locations":[{"start":{"line":53,"column":4},"end":{"line":53,"column":43}},{"start":{},"end":{}}],"line":53},"2":{"loc":{"start":{"line":63,"column":11},"end":{"line":63,"column":62}},"type":"binary-expr","locations":[{"start":{"line":63,"column":11},"end":{"line":63,"column":53}},{"start":{"line":63,"column":57},"end":{"line":63,"column":62}}],"line":63},"3":{"loc":{"start":{"line":112,"column":7},"end":{"line":117,"column":7}},"type":"binary-expr","locations":[{"start":{"line":112,"column":7},"end":{"line":112,"column":18}},{"start":{"line":113,"column":8},"end":{"line":116,"column":10}}],"line":112},"4":{"loc":{"start":{"line":122,"column":10},"end":{"line":122,"column":61}},"type":"cond-expr","locations":[{"start":{"line":122,"column":24},"end":{"line":122,"column":39}},{"start":{"line":122,"column":42},"end":{"line":122,"column":61}}],"line":122},"5":{"loc":{"start":{"line":125,"column":22},"end":{"line":125,"column":44}},"type":"cond-expr","locations":[{"start":{"line":125,"column":36},"end":{"line":125,"column":37}},{"start":{"line":125,"column":40},"end":{"line":125,"column":44}}],"line":125},"6":{"loc":{"start":{"line":171,"column":20},"end":{"line":171,"column":56}},"type":"if","locations":[{"start":{"line":171,"column":20},"end":{"line":171,"column":56}},{"start":{},"end":{}}],"line":171},"7":{"loc":{"start":{"line":174,"column":20},"end":{"line":176,"column":77}},"type":"cond-expr","locations":[{"start":{"line":175,"column":24},"end":{"line":175,"column":57}},{"start":{"line":176,"column":24},"end":{"line":176,"column":77}}],"line":174},"8":{"loc":{"start":{"line":230,"column":17},"end":{"line":230,"column":92}},"type":"binary-expr","locations":[{"start":{"line":230,"column":17},"end":{"line":230,"column":77}},{"start":{"line":230,"column":81},"end":{"line":230,"column":92}}],"line":230},"9":{"loc":{"start":{"line":241,"column":17},"end":{"line":245,"column":17}},"type":"binary-expr","locations":[{"start":{"line":241,"column":17},"end":{"line":241,"column":32}},{"start":{"line":242,"column":18},"end":{"line":244,"column":25}}],"line":241},"10":{"loc":{"start":{"line":243,"column":21},"end":{"line":243,"column":57}},"type":"cond-expr","locations":[{"start":{"line":243,"column":39},"end":{"line":243,"column":43}},{"start":{"line":243,"column":46},"end":{"line":243,"column":57}}],"line":243}},"s":{"0":0,"1":0,"2":0,"3":0,"4":0,"5":0,"6":0,"7":0,"8":0,"9":0,"10":0,"11":0,"12":0,"13":0,"14":0,"15":0,"16":0,"17":0,"18":0,"19":0,"20":0,"21":0,"22":0,"23":0,"24":0,"25":0,"26":0,"27":0,"28":0,"29":0,"30":0,"31":0,"32":0,"33":0,"34":0,"35":0,"36":0,"37":0,"38":0,"39":0,"40":0,"41":0,"42":0,"43":0,"44":0,"45":0,"46":0,"47":0,"48":0,"49":0,"50":0,"51":0},"f":{"0":0,"1":0,"2":0,"3":0,"4":0,"5":0,"6":0,"7":0,"8":0,"9":0,"10":0,"11":0,"12":0,"13":0,"14":0,"15":0,"16":0,"17":0,"18":0,"19":0},"b":{"0":[0,0],"1":[0,0],"2":[0,0],"3":[0,0],"4":[0,0],"5":[0,0],"6":[0,0],"7":[0,0],"8":[0,0],"9":[0,0],"10":[0,0]}}
,"/workspace/frontend/src/components/UI/LoadingSpinner.tsx": {"path":"/workspace/frontend/src/components/UI/LoadingSpinner.tsx","statementMap":{"0":{"start":{"line":10,"column":54},"end":{"line":29,"column":1}},"1":{"start":{"line":15,"column":22},"end":{"line":19,"column":3}},"2":{"start":{"line":21,"column":2},"end":{"line":28,"column":4}}},"fnMap":{"0":{"name":"(anonymous_0)","decl":{"start":{"line":10,"column":54},"end":{"line":10,"column":55}},"loc":{"start":{"line":14,"column":6},"end":{"line":29,"column":1}},"line":14}},"branchMap":{"0":{"loc":{"start":{"line":11,"column":2},"end":{"line":11,"column":17}},"type":"default-arg","locations":[{"start":{"line":11,"column":9},"end":{"line":11,"column":17}}],"line":11},"1":{"loc":{"start":{"line":12,"column":2},"end":{"line":12,"column":16}},"type":"default-arg","locations":[{"start":{"line":12,"column":14},"end":{"line":12,"column":16}}],"line":12},"2":{"loc":{"start":{"line":24,"column":7},"end":{"line":26,"column":7}},"type":"binary-expr","locations":[{"start":{"line":24,"column":7},"end":{"line":24,"column":11}},{"start":{"line":25,"column":8},"end":{"line":25,"column":74}}],"line":24}},"s":{"0":0,"1":0,"2":0},"f":{"0":0},"b":{"0":[0],"1":[0],"2":[0,0]}}
,"/workspace/frontend/src/pages/AILessonDetail/AILessonDetailPage.tsx": {"path":"/workspace/frontend/src/pages/AILessonDetail/AILessonDetailPage.tsx","statementMap":{"0":{"start":{"line":4,"column":37},"end":{"line":17,"column":1}},"1":{"start":{"line":5,"column":2},"end":{"line":16,"column":4}}},"fnMap":{"0":{"name":"(anonymous_0)","decl":{"start":{"line":4,"column":37},"end":{"line":4,"column":38}},"loc":{"start":{"line":4,"column":43},"end":{"line":17,"column":1}},"line":4}},"branchMap":{},"s":{"0":0,"1":0},"f":{"0":0},"b":{}}
,"/workspace/frontend/src/pages/AILessons/AILessonsPage.tsx": {"path":"/workspace/frontend/src/pages/AILessons/AILessonsPage.tsx","statementMap":{"0":{"start":{"line":4,"column":32},"end":{"line":17,"column":1}},"1":{"start":{"line":5,"column":2},"end":{"line":16,"column":4}}},"fnMap":{"0":{"name":"(anonymous_0)","decl":{"start":{"line":4,"column":32},"end":{"line":4,"column":33}},"loc":{"start":{"line":4,"column":38},"end":{"line":17,"column":1}},"line":4}},"branchMap":{},"s":{"0":0,"1":0},"f":{"0":0},"b":{}}
,"/workspace/frontend/src/pages/Analytics/AnalyticsPage.tsx": {"path":"/workspace/frontend/src/pages/Analytics/AnalyticsPage.tsx","statementMap":{"0":{"start":{"line":4,"column":32},"end":{"line":17,"column":1}},"1":{"start":{"line":5,"column":2},"end":{"line":16,"column":4}}},"fnMap":{"0":{"name":"(anonymous_0)","decl":{"start":{"line":4,"column":32},"end":{"line":4,"column":33}},"loc":{"start":{"line":4,"column":38},"end":{"line":17,"column":1}},"line":4}},"branchMap":{},"s":{"0":0,"1":0},"f":{"0":0},"b":{}}
,"/workspace/frontend/src/pages/Auth/LoginPage.tsx": {"path":"/workspace/frontend/src/pages/Auth/LoginPage.tsx","statementMap":{"0":{"start":{"line":16,"column":28},"end":{"line":223,"column":1}},"1":{"start":{"line":17,"column":42},"end":{"line":17,"column":57}},"2":{"start":{"line":18,"column":36},"end":{"line":18,"column":51}},"3":{"start":{"line":19,"column":19},"end":{"line":19,"column":32}},"4":{"start":{"line":20,"column":19},"end":{"line":20,"column":32}},"5":{"start":{"line":22,"column":39},"end":{"line":22,"column":53}},"6":{"start":{"line":28,"column":6},"end":{"line":28,"column":30}},"7":{"start":{"line":30,"column":15},"end":{"line":30,"column":61}},"8":{"start":{"line":32,"column":19},"end":{"line":45,"column":3}},"9":{"start":{"line":33,"column":4},"end":{"line":33,"column":23}},"10":{"start":{"line":34,"column":4},"end":{"line":34,"column":17}},"11":{"start":{"line":36,"column":4},"end":{"line":44,"column":5}},"12":{"start":{"line":37,"column":6},"end":{"line":37,"column":24}},"13":{"start":{"line":38,"column":6},"end":{"line":38,"column":41}},"14":{"start":{"line":39,"column":6},"end":{"line":39,"column":40}},"15":{"start":{"line":41,"column":6},"end":{"line":41,"column":51}},"16":{"start":{"line":43,"column":6},"end":{"line":43,"column":26}},"17":{"start":{"line":47,"column":2},"end":{"line":222,"column":4}},"18":{"start":{"line":160,"column":33},"end":{"line":160,"column":63}},"19":{"start":{"line":205,"column":29},"end":{"line":205,"column":50}}},"fnMap":{"0":{"name":"(anonymous_0)","decl":{"start":{"line":16,"column":28},"end":{"line":16,"column":29}},"loc":{"start":{"line":16,"column":34},"end":{"line":223,"column":1}},"line":16},"1":{"name":"(anonymous_1)","decl":{"start":{"line":32,"column":19},"end":{"line":32,"column":20}},"loc":{"start":{"line":32,"column":50},"end":{"line":45,"column":3}},"line":32},"2":{"name":"(anonymous_2)","decl":{"start":{"line":160,"column":27},"end":{"line":160,"column":28}},"loc":{"start":{"line":160,"column":33},"end":{"line":160,"column":63}},"line":160},"3":{"name":"(anonymous_3)","decl":{"start":{"line":205,"column":23},"end":{"line":205,"column":24}},"loc":{"start":{"line":205,"column":29},"end":{"line":205,"column":50}},"line":205}},"branchMap":{"0":{"loc":{"start":{"line":30,"column":15},"end":{"line":30,"column":61}},"type":"binary-expr","locations":[{"start":{"line":30,"column":15},"end":{"line":30,"column":45}},{"start":{"line":30,"column":49},"end":{"line":30,"column":61}}],"line":30},"1":{"loc":{"start":{"line":41,"column":18},"end":{"line":41,"column":49}},"type":"binary-expr","locations":[{"start":{"line":41,"column":18},"end":{"line":41,"column":31}},{"start":{"line":41,"column":35},"end":{"line":41,"column":49}}],"line":41},"2":{"loc":{"start":{"line":109,"column":15},"end":{"line":111,"column":15}},"type":"binary-expr","locations":[{"start":{"line":109,"column":15},"end":{"line":109,"column":26}},{"start":{"line":110,"column":16},"end":{"line":110,"column":82}}],"line":109},"3":{"loc":{"start":{"line":134,"column":15},"end":{"line":136,"column":15}},"type":"binary-expr","locations":[{"start":{"line":134,"column":15},"end":{"line":134,"column":27}},{"start":{"line":135,"column":16},"end":{"line":135,"column":83}}],"line":134},"4":{"loc":{"start":{"line":154,"column":24},"end":{"line":154,"column":58}},"type":"cond-expr","locations":[{"start":{"line":154,"column":39},"end":{"line":154,"column":45}},{"start":{"line":154,"column":48},"end":{"line":154,"column":58}}],"line":154},"5":{"loc":{"start":{"line":163,"column":19},"end":{"line":163,"column":94}},"type":"cond-expr","locations":[{"start":{"line":163,"column":34},"end":{"line":163,"column":64}},{"start":{"line":163,"column":67},"end":{"line":163,"column":94}}],"line":163},"6":{"loc":{"start":{"line":166,"column":15},"end":{"line":168,"column":15}},"type":"binary-expr","locations":[{"start":{"line":166,"column":15},"end":{"line":166,"column":30}},{"start":{"line":167,"column":16},"end":{"line":167,"column":86}}],"line":166},"7":{"loc":{"start":{"line":173,"column":11},"end":{"line":181,"column":11}},"type":"binary-expr","locations":[{"start":{"line":173,"column":11},"end":{"line":173,"column":16}},{"start":{"line":174,"column":12},"end":{"line":180,"column":25}}],"line":173},"8":{"loc":{"start":{"line":191,"column":13},"end":{"line":198,"column":13}},"type":"cond-expr","locations":[{"start":{"line":192,"column":14},"end":{"line":195,"column":20}},{"start":{"line":197,"column":14},"end":{"line":197,"column":23}}],"line":191}},"s":{"0":0,"1":0,"2":0,"3":0,"4":0,"5":0,"6":0,"7":0,"8":0,"9":0,"10":0,"11":0,"12":0,"13":0,"14":0,"15":0,"16":0,"17":0,"18":0,"19":0},"f":{"0":0,"1":0,"2":0,"3":0},"b":{"0":[0,0],"1":[0,0],"2":[0,0],"3":[0,0],"4":[0,0],"5":[0,0],"6":[0,0],"7":[0,0],"8":[0,0]}}
,"/workspace/frontend/src/pages/Auth/RegisterPage.tsx": {"path":"/workspace/frontend/src/pages/Auth/RegisterPage.tsx","statementMap":{"0":{"start":{"line":4,"column":31},"end":{"line":17,"column":1}},"1":{"start":{"line":5,"column":2},"end":{"line":16,"column":4}}},"fnMap":{"0":{"name":"(anonymous_0)","decl":{"start":{"line":4,"column":31},"end":{"line":4,"column":32}},"loc":{"start":{"line":4,"column":37},"end":{"line":17,"column":1}},"line":4}},"branchMap":{},"s":{"0":0,"1":0},"f":{"0":0},"b":{}}
,"/workspace/frontend/src/pages/Chat/ChatPage.tsx": {"path":"/workspace/frontend/src/pages/Chat/ChatPage.tsx","statementMap":{"0":{"start":{"line":4,"column":27},"end":{"line":17,"column":1}},"1":{"start":{"line":5,"column":2},"end":{"line":16,"column":4}}},"fnMap":{"0":{"name":"(anonymous_0)","decl":{"start":{"line":4,"column":27},"end":{"line":4,"column":28}},"loc":{"start":{"line":4,"column":33},"end":{"line":17,"column":1}},"line":4}},"branchMap":{},"s":{"0":0,"1":0},"f":{"0":0},"b":{}}
,"/workspace/frontend/src/pages/Dashboard/DashboardPage.tsx": {"path":"/workspace/frontend/src/pages/Dashboard/DashboardPage.tsx","statementMap":{"0":{"start":{"line":4,"column":32},"end":{"line":17,"column":1}},"1":{"start":{"line":5,"column":2},"end":{"line":16,"column":4}}},"fnMap":{"0":{"name":"(anonymous_0)","decl":{"start":{"line":4,"column":32},"end":{"line":4,"column":33}},"loc":{"start":{"line":4,"column":38},"end":{"line":17,"column":1}},"line":4}},"branchMap":{},"s":{"0":0,"1":0},"f":{"0":0},"b":{}}
,"/workspace/frontend/src/pages/Families/FamiliesPage.tsx": {"path":"/workspace/frontend/src/pages/Families/FamiliesPage.tsx","statementMap":{"0":{"start":{"line":4,"column":31},"end":{"line":17,"column":1}},"1":{"start":{"line":5,"column":2},"end":{"line":16,"column":4}}},"fnMap":{"0":{"name":"(anonymous_0)","decl":{"start":{"line":4,"column":31},"end":{"line":4,"column":32}},"loc":{"start":{"line":4,"column":37},"end":{"line":17,"column":1}},"line":4}},"branchMap":{},"s":{"0":0,"1":0},"f":{"0":0},"b":{}}
,"/workspace/frontend/src/pages/Lessons/LessonsPage.tsx": {"path":"/workspace/frontend/src/pages/Lessons/LessonsPage.tsx","statementMap":{"0":{"start":{"line":4,"column":30},"end":{"line":17,"column":1}},"1":{"start":{"line":5,"column":2},"end":{"line":16,"column":4}}},"fnMap":{"0":{"name":"(anonymous_0)","decl":{"start":{"line":4,"column":30},"end":{"line":4,"column":31}},"loc":{"start":{"line":4,"column":36},"end":{"line":17,"column":1}},"line":4}},"branchMap":{},"s":{"0":0,"1":0},"f":{"0":0},"b":{}}
,"/workspace/frontend/src/pages/Monitoring/MonitoringPage.tsx": {"path":"/workspace/frontend/src/pages/Monitoring/MonitoringPage.tsx","statementMap":{"0":{"start":{"line":4,"column":33},"end":{"line":17,"column":1}},"1":{"start":{"line":5,"column":2},"end":{"line":16,"column":4}}},"fnMap":{"0":{"name":"(anonymous_0)","decl":{"start":{"line":4,"column":33},"end":{"line":4,"column":34}},"loc":{"start":{"line":4,"column":39},"end":{"line":17,"column":1}},"line":4}},"branchMap":{},"s":{"0":0,"1":0},"f":{"0":0},"b":{}}
,"/workspace/frontend/src/pages/NotFound/NotFoundPage.tsx": {"path":"/workspace/frontend/src/pages/NotFound/NotFoundPage.tsx","statementMap":{"0":{"start":{"line":4,"column":31},"end":{"line":17,"column":1}},"1":{"start":{"line":5,"column":2},"end":{"line":16,"column":4}}},"fnMap":{"0":{"name":"(anonymous_0)","decl":{"start":{"line":4,"column":31},"end":{"line":4,"column":32}},"loc":{"start":{"line":4,"column":37},"end":{"line":17,"column":1}},"line":4}},"branchMap":{},"s":{"0":0,"1":0},"f":{"0":0},"b":{}}
,"/workspace/frontend/src/pages/Profile/ProfilePage.tsx": {"path":"/workspace/frontend/src/pages/Profile/ProfilePage.tsx","statementMap":{"0":{"start":{"line":4,"column":30},"end":{"line":17,"column":1}},"1":{"start":{"line":5,"column":2},"end":{"line":16,"column":4}}},"fnMap":{"0":{"name":"(anonymous_0)","decl":{"start":{"line":4,"column":30},"end":{"line":4,"column":31}},"loc":{"start":{"line":4,"column":36},"end":{"line":17,"column":1}},"line":4}},"branchMap":{},"s":{"0":0,"1":0},"f":{"0":0},"b":{}}
,"/workspace/frontend/src/pages/Settings/SettingsPage.tsx": {"path":"/workspace/frontend/src/pages/Settings/SettingsPage.tsx","statementMap":{"0":{"start":{"line":4,"column":31},"end":{"line":17,"column":1}},"1":{"start":{"line":5,"column":2},"end":{"line":16,"column":4}}},"fnMap":{"0":{"name":"(anonymous_0)","decl":{"start":{"line":4,"column":31},"end":{"line":4,"column":32}},"loc":{"start":{"line":4,"column":37},"end":{"line":17,"column":1}},"line":4}},"branchMap":{},"s":{"0":0,"1":0},"f":{"0":0},"b":{}}
,"/workspace/frontend/src/pages/Staff/StaffPage.tsx": {"path":"/workspace/frontend/src/pages/Staff/StaffPage.tsx","statementMap":{"0":{"start":{"line":4,"column":28},"end":{"line":17,"column":1}},"1":{"start":{"line":5,"column":2},"end":{"line":16,"column":4}}},"fnMap":{"0":{"name":"(anonymous_0)","decl":{"start":{"line":4,"column":28},"end":{"line":4,"column":29}},"loc":{"start":{"line":4,"column":34},"end":{"line":17,"column":1}},"line":4}},"branchMap":{},"s":{"0":0,"1":0},"f":{"0":0},"b":{}}
,"/workspace/frontend/src/pages/StudentDetail/StudentDetailPage.tsx": {"path":"/workspace/frontend/src/pages/StudentDetail/StudentDetailPage.tsx","statementMap":{"0":{"start":{"line":4,"column":36},"end":{"line":17,"column":1}},"1":{"start":{"line":5,"column":2},"end":{"line":16,"column":4}}},"fnMap":{"0":{"name":"(anonymous_0)","decl":{"start":{"line":4,"column":36},"end":{"line":4,"column":37}},"loc":{"start":{"line":4,"column":42},"end":{"line":17,"column":1}},"line":4}},"branchMap":{},"s":{"0":0,"1":0},"f":{"0":0},"b":{}}
,"/workspace/frontend/src/pages/Students/StudentsPage.tsx": {"path":"/workspace/frontend/src/pages/Students/StudentsPage.tsx","statementMap":{"0":{"start":{"line":4,"column":31},"end":{"line":17,"column":1}},"1":{"start":{"line":5,"column":2},"end":{"line":16,"column":4}}},"fnMap":{"0":{"name":"(anonymous_0)","decl":{"start":{"line":4,"column":31},"end":{"line":4,"column":32}},"loc":{"start":{"line":4,"column":37},"end":{"line":17,"column":1}},"line":4}},"branchMap":{},"s":{"0":0,"1":0},"f":{"0":0},"b":{}}
,"/workspace/frontend/src/services/aiTeacherApi.ts": {"path":"/workspace/frontend/src/services/aiTeacherApi.ts","statementMap":{"0":{"start":{"line":19,"column":4},"end":{"line":19,"column":62}},"1":{"start":{"line":23,"column":4},"end":{"line":23,"column":56}},"2":{"start":{"line":27,"column":4},"end":{"line":27,"column":57}},"3":{"start":{"line":31,"column":4},"end":{"line":31,"column":62}},"4":{"start":{"line":35,"column":4},"end":{"line":35,"column":59}},"5":{"start":{"line":40,"column":4},"end":{"line":40,"column":71}},"6":{"start":{"line":45,"column":19},"end":{"line":45,"column":61}},"7":{"start":{"line":46,"column":4},"end":{"line":46,"column":68}},"8":{"start":{"line":50,"column":4},"end":{"line":50,"column":62}},"9":{"start":{"line":54,"column":4},"end":{"line":54,"column":63}},"10":{"start":{"line":58,"column":4},"end":{"line":58,"column":68}},"11":{"start":{"line":62,"column":4},"end":{"line":62,"column":65}},"12":{"start":{"line":67,"column":4},"end":{"line":67,"column":83}},"13":{"start":{"line":71,"column":4},"end":{"line":71,"column":90}},"14":{"start":{"line":76,"column":21},"end":{"line":76,"column":35}},"15":{"start":{"line":77,"column":4},"end":{"line":77,"column":40}},"16":{"start":{"line":78,"column":4},"end":{"line":78,"column":68}},"17":{"start":{"line":82,"column":4},"end":{"line":82,"column":75}},"18":{"start":{"line":87,"column":4},"end":{"line":87,"column":71}},"19":{"start":{"line":91,"column":4},"end":{"line":91,"column":81}},"20":{"start":{"line":96,"column":4},"end":{"line":96,"column":80}},"21":{"start":{"line":100,"column":19},"end":{"line":100,"column":61}},"22":{"start":{"line":101,"column":4},"end":{"line":101,"column":92}},"23":{"start":{"line":106,"column":4},"end":{"line":106,"column":49}},"24":{"start":{"line":110,"column":4},"end":{"line":110,"column":55}},"25":{"start":{"line":114,"column":4},"end":{"line":114,"column":73}},"26":{"start":{"line":118,"column":4},"end":{"line":118,"column":68}},"27":{"start":{"line":123,"column":4},"end":{"line":123,"column":64}},"28":{"start":{"line":127,"column":4},"end":{"line":127,"column":74}}},"fnMap":{"0":{"name":"(anonymous_0)","decl":{"start":{"line":12,"column":2},"end":{"line":12,"column":3}},"loc":{"start":{"line":18,"column":43},"end":{"line":20,"column":3}},"line":18},"1":{"name":"(anonymous_1)","decl":{"start":{"line":22,"column":2},"end":{"line":22,"column":3}},"loc":{"start":{"line":22,"column":58},"end":{"line":24,"column":3}},"line":22},"2":{"name":"(anonymous_2)","decl":{"start":{"line":26,"column":2},"end":{"line":26,"column":3}},"loc":{"start":{"line":26,"column":74},"end":{"line":28,"column":3}},"line":26},"3":{"name":"(anonymous_3)","decl":{"start":{"line":30,"column":2},"end":{"line":30,"column":3}},"loc":{"start":{"line":30,"column":86},"end":{"line":32,"column":3}},"line":30},"4":{"name":"(anonymous_4)","decl":{"start":{"line":34,"column":2},"end":{"line":34,"column":3}},"loc":{"start":{"line":34,"column":57},"end":{"line":36,"column":3}},"line":34},"5":{"name":"(anonymous_5)","decl":{"start":{"line":39,"column":2},"end":{"line":39,"column":3}},"loc":{"start":{"line":39,"column":67},"end":{"line":41,"column":3}},"line":39},"6":{"name":"(anonymous_6)","decl":{"start":{"line":44,"column":2},"end":{"line":44,"column":3}},"loc":{"start":{"line":44,"column":79},"end":{"line":47,"column":3}},"line":44},"7":{"name":"(anonymous_7)","decl":{"start":{"line":49,"column":2},"end":{"line":49,"column":3}},"loc":{"start":{"line":49,"column":68},"end":{"line":51,"column":3}},"line":49},"8":{"name":"(anonymous_8)","decl":{"start":{"line":53,"column":2},"end":{"line":53,"column":3}},"loc":{"start":{"line":53,"column":90},"end":{"line":55,"column":3}},"line":53},"9":{"name":"(anonymous_9)","decl":{"start":{"line":57,"column":2},"end":{"line":57,"column":3}},"loc":{"start":{"line":57,"column":102},"end":{"line":59,"column":3}},"line":57},"10":{"name":"(anonymous_10)","decl":{"start":{"line":61,"column":2},"end":{"line":61,"column":3}},"loc":{"start":{"line":61,"column":61},"end":{"line":63,"column":3}},"line":61},"11":{"name":"(anonymous_11)","decl":{"start":{"line":66,"column":2},"end":{"line":66,"column":3}},"loc":{"start":{"line":66,"column":95},"end":{"line":68,"column":3}},"line":66},"12":{"name":"(anonymous_12)","decl":{"start":{"line":70,"column":2},"end":{"line":70,"column":3}},"loc":{"start":{"line":70,"column":117},"end":{"line":72,"column":3}},"line":70},"13":{"name":"(anonymous_13)","decl":{"start":{"line":75,"column":2},"end":{"line":75,"column":3}},"loc":{"start":{"line":75,"column":72},"end":{"line":79,"column":3}},"line":75},"14":{"name":"(anonymous_14)","decl":{"start":{"line":81,"column":2},"end":{"line":81,"column":3}},"loc":{"start":{"line":81,"column":90},"end":{"line":83,"column":3}},"line":81},"15":{"name":"(anonymous_15)","decl":{"start":{"line":86,"column":2},"end":{"line":86,"column":3}},"loc":{"start":{"line":86,"column":69},"end":{"line":88,"column":3}},"line":86},"16":{"name":"(anonymous_16)","decl":{"start":{"line":90,"column":2},"end":{"line":90,"column":3}},"loc":{"start":{"line":90,"column":74},"end":{"line":92,"column":3}},"line":90},"17":{"name":"(anonymous_17)","decl":{"start":{"line":95,"column":2},"end":{"line":95,"column":3}},"loc":{"start":{"line":95,"column":75},"end":{"line":97,"column":3}},"line":95},"18":{"name":"(anonymous_18)","decl":{"start":{"line":99,"column":2},"end":{"line":99,"column":3}},"loc":{"start":{"line":99,"column":86},"end":{"line":102,"column":3}},"line":99},"19":{"name":"(anonymous_19)","decl":{"start":{"line":105,"column":2},"end":{"line":105,"column":3}},"loc":{"start":{"line":105,"column":45},"end":{"line":107,"column":3}},"line":105},"20":{"name":"(anonymous_20)","decl":{"start":{"line":109,"column":2},"end":{"line":109,"column":3}},"loc":{"start":{"line":109,"column":52},"end":{"line":111,"column":3}},"line":109},"21":{"name":"(anonymous_21)","decl":{"start":{"line":113,"column":2},"end":{"line":113,"column":3}},"loc":{"start":{"line":113,"column":70},"end":{"line":115,"column":3}},"line":113},"22":{"name":"(anonymous_22)","decl":{"start":{"line":117,"column":2},"end":{"line":117,"column":3}},"loc":{"start":{"line":117,"column":60},"end":{"line":119,"column":3}},"line":117},"23":{"name":"(anonymous_23)","decl":{"start":{"line":122,"column":2},"end":{"line":122,"column":3}},"loc":{"start":{"line":122,"column":62},"end":{"line":124,"column":3}},"line":122},"24":{"name":"(anonymous_24)","decl":{"start":{"line":126,"column":2},"end":{"line":126,"column":3}},"loc":{"start":{"line":126,"column":67},"end":{"line":128,"column":3}},"line":126}},"branchMap":{"0":{"loc":{"start":{"line":45,"column":19},"end":{"line":45,"column":61}},"type":"cond-expr","locations":[{"start":{"line":45,"column":31},"end":{"line":45,"column":56}},{"start":{"line":45,"column":59},"end":{"line":45,"column":61}}],"line":45},"1":{"loc":{"start":{"line":100,"column":19},"end":{"line":100,"column":61}},"type":"cond-expr","locations":[{"start":{"line":100,"column":31},"end":{"line":100,"column":56}},{"start":{"line":100,"column":59},"end":{"line":100,"column":61}}],"line":100}},"s":{"0":3,"1":1,"2":2,"3":1,"4":1,"5":1,"6":2,"7":2,"8":1,"9":1,"10":0,"11":0,"12":1,"13":1,"14":2,"15":2,"16":2,"17":1,"18":1,"19":1,"20":1,"21":1,"22":1,"23":1,"24":0,"25":1,"26":1,"27":1,"28":1},"f":{"0":3,"1":1,"2":2,"3":1,"4":1,"5":1,"6":2,"7":1,"8":1,"9":0,"10":0,"11":1,"12":1,"13":2,"14":1,"15":1,"16":1,"17":1,"18":1,"19":1,"20":0,"21":1,"22":1,"23":1,"24":1},"b":{"0":[1,1],"1":[1,0]},"_coverageSchema":"1a1c01bbd47fc00a2c39e90264f33305004495a9","hash":"02c6afbee324bf665733d8a6b26155c8f1fc4310"}
,"/workspace/frontend/src/services/analyticsApi.ts": {"path":"/workspace/frontend/src/services/analyticsApi.ts","statementMap":{"0":{"start":{"line":18,"column":4},"end":{"line":18,"column":72}},"1":{"start":{"line":22,"column":4},"end":{"line":22,"column":66}},"2":{"start":{"line":26,"column":4},"end":{"line":26,"column":67}},"3":{"start":{"line":30,"column":4},"end":{"line":30,"column":72}},"4":{"start":{"line":34,"column":4},"end":{"line":34,"column":69}},"5":{"start":{"line":45,"column":4},"end":{"line":45,"column":73}},"6":{"start":{"line":49,"column":4},"end":{"line":49,"column":67}},"7":{"start":{"line":53,"column":4},"end":{"line":53,"column":68}},"8":{"start":{"line":57,"column":4},"end":{"line":57,"column":73}},"9":{"start":{"line":61,"column":4},"end":{"line":61,"column":70}},"10":{"start":{"line":66,"column":19},"end":{"line":66,"column":61}},"11":{"start":{"line":67,"column":4},"end":{"line":67,"column":74}},"12":{"start":{"line":71,"column":4},"end":{"line":71,"column":68}},"13":{"start":{"line":76,"column":4},"end":{"line":76,"column":66}},"14":{"start":{"line":80,"column":4},"end":{"line":80,"column":72}},"15":{"start":{"line":84,"column":4},"end":{"line":84,"column":73}},"16":{"start":{"line":88,"column":4},"end":{"line":88,"column":78}},"17":{"start":{"line":92,"column":4},"end":{"line":92,"column":75}},"18":{"start":{"line":97,"column":4},"end":{"line":97,"column":58}},"19":{"start":{"line":101,"column":4},"end":{"line":101,"column":64}},"20":{"start":{"line":105,"column":4},"end":{"line":105,"column":65}},"21":{"start":{"line":109,"column":4},"end":{"line":109,"column":70}},"22":{"start":{"line":113,"column":4},"end":{"line":113,"column":67}},"23":{"start":{"line":118,"column":4},"end":{"line":118,"column":72}},"24":{"start":{"line":123,"column":4},"end":{"line":123,"column":68}},"25":{"start":{"line":128,"column":4},"end":{"line":131,"column":7}},"26":{"start":{"line":136,"column":4},"end":{"line":138,"column":7}},"27":{"start":{"line":143,"column":19},"end":{"line":143,"column":61}},"28":{"start":{"line":144,"column":4},"end":{"line":144,"column":65}},"29":{"start":{"line":148,"column":4},"end":{"line":148,"column":76}},"30":{"start":{"line":153,"column":4},"end":{"line":153,"column":66}},"31":{"start":{"line":157,"column":4},"end":{"line":157,"column":76}},"32":{"start":{"line":162,"column":4},"end":{"line":162,"column":70}},"33":{"start":{"line":166,"column":4},"end":{"line":166,"column":80}},"34":{"start":{"line":176,"column":4},"end":{"line":176,"column":68}},"35":{"start":{"line":185,"column":4},"end":{"line":185,"column":71}}},"fnMap":{"0":{"name":"(anonymous_0)","decl":{"start":{"line":11,"column":2},"end":{"line":11,"column":3}},"loc":{"start":{"line":17,"column":52},"end":{"line":19,"column":3}},"line":17},"1":{"name":"(anonymous_1)","decl":{"start":{"line":21,"column":2},"end":{"line":21,"column":3}},"loc":{"start":{"line":21,"column":80},"end":{"line":23,"column":3}},"line":21},"2":{"name":"(anonymous_2)","decl":{"start":{"line":25,"column":2},"end":{"line":25,"column":3}},"loc":{"start":{"line":25,"column":101},"end":{"line":27,"column":3}},"line":25},"3":{"name":"(anonymous_3)","decl":{"start":{"line":29,"column":2},"end":{"line":29,"column":3}},"loc":{"start":{"line":29,"column":113},"end":{"line":31,"column":3}},"line":29},"4":{"name":"(anonymous_4)","decl":{"start":{"line":33,"column":2},"end":{"line":33,"column":3}},"loc":{"start":{"line":33,"column":66},"end":{"line":35,"column":3}},"line":33},"5":{"name":"(anonymous_5)","decl":{"start":{"line":38,"column":2},"end":{"line":38,"column":3}},"loc":{"start":{"line":44,"column":53},"end":{"line":46,"column":3}},"line":44},"6":{"name":"(anonymous_6)","decl":{"start":{"line":48,"column":2},"end":{"line":48,"column":3}},"loc":{"start":{"line":48,"column":82},"end":{"line":50,"column":3}},"line":48},"7":{"name":"(anonymous_7)","decl":{"start":{"line":52,"column":2},"end":{"line":52,"column":3}},"loc":{"start":{"line":52,"column":104},"end":{"line":54,"column":3}},"line":52},"8":{"name":"(anonymous_8)","decl":{"start":{"line":56,"column":2},"end":{"line":56,"column":3}},"loc":{"start":{"line":56,"column":116},"end":{"line":58,"column":3}},"line":56},"9":{"name":"(anonymous_9)","decl":{"start":{"line":60,"column":2},"end":{"line":60,"column":3}},"loc":{"start":{"line":60,"column":67},"end":{"line":62,"column":3}},"line":60},"10":{"name":"(anonymous_10)","decl":{"start":{"line":65,"column":2},"end":{"line":65,"column":3}},"loc":{"start":{"line":65,"column":74},"end":{"line":68,"column":3}},"line":65},"11":{"name":"(anonymous_11)","decl":{"start":{"line":70,"column":2},"end":{"line":70,"column":3}},"loc":{"start":{"line":70,"column":68},"end":{"line":72,"column":3}},"line":70},"12":{"name":"(anonymous_12)","decl":{"start":{"line":75,"column":2},"end":{"line":75,"column":3}},"loc":{"start":{"line":75,"column":60},"end":{"line":77,"column":3}},"line":75},"13":{"name":"(anonymous_13)","decl":{"start":{"line":79,"column":2},"end":{"line":79,"column":3}},"loc":{"start":{"line":79,"column":67},"end":{"line":81,"column":3}},"line":79},"14":{"name":"(anonymous_14)","decl":{"start":{"line":83,"column":2},"end":{"line":83,"column":3}},"loc":{"start":{"line":83,"column":69},"end":{"line":85,"column":3}},"line":83},"15":{"name":"(anonymous_15)","decl":{"start":{"line":87,"column":2},"end":{"line":87,"column":3}},"loc":{"start":{"line":87,"column":81},"end":{"line":89,"column":3}},"line":87},"16":{"name":"(anonymous_16)","decl":{"start":{"line":91,"column":2},"end":{"line":91,"column":3}},"loc":{"start":{"line":91,"column":71},"end":{"line":93,"column":3}},"line":91},"17":{"name":"(anonymous_17)","decl":{"start":{"line":96,"column":2},"end":{"line":96,"column":3}},"loc":{"start":{"line":96,"column":52},"end":{"line":98,"column":3}},"line":96},"18":{"name":"(anonymous_18)","decl":{"start":{"line":100,"column":2},"end":{"line":100,"column":3}},"loc":{"start":{"line":100,"column":59},"end":{"line":102,"column":3}},"line":100},"19":{"name":"(anonymous_19)","decl":{"start":{"line":104,"column":2},"end":{"line":104,"column":3}},"loc":{"start":{"line":104,"column":61},"end":{"line":106,"column":3}},"line":104},"20":{"name":"(anonymous_20)","decl":{"start":{"line":108,"column":2},"end":{"line":108,"column":3}},"loc":{"start":{"line":108,"column":73},"end":{"line":110,"column":3}},"line":108},"21":{"name":"(anonymous_21)","decl":{"start":{"line":112,"column":2},"end":{"line":112,"column":3}},"loc":{"start":{"line":112,"column":63},"end":{"line":114,"column":3}},"line":112},"22":{"name":"(anonymous_22)","decl":{"start":{"line":117,"column":2},"end":{"line":117,"column":3}},"loc":{"start":{"line":117,"column":77},"end":{"line":119,"column":3}},"line":117},"23":{"name":"(anonymous_23)","decl":{"start":{"line":122,"column":2},"end":{"line":122,"column":3}},"loc":{"start":{"line":122,"column":73},"end":{"line":124,"column":3}},"line":122},"24":{"name":"(anonymous_24)","decl":{"start":{"line":127,"column":2},"end":{"line":127,"column":3}},"loc":{"start":{"line":127,"column":77},"end":{"line":132,"column":3}},"line":127},"25":{"name":"(anonymous_25)","decl":{"start":{"line":135,"column":2},"end":{"line":135,"column":3}},"loc":{"start":{"line":135,"column":69},"end":{"line":139,"column":3}},"line":135},"26":{"name":"(anonymous_26)","decl":{"start":{"line":142,"column":2},"end":{"line":142,"column":3}},"loc":{"start":{"line":142,"column":65},"end":{"line":145,"column":3}},"line":142},"27":{"name":"(anonymous_27)","decl":{"start":{"line":147,"column":2},"end":{"line":147,"column":3}},"loc":{"start":{"line":147,"column":67},"end":{"line":149,"column":3}},"line":147},"28":{"name":"(anonymous_28)","decl":{"start":{"line":152,"column":2},"end":{"line":152,"column":3}},"loc":{"start":{"line":152,"column":63},"end":{"line":154,"column":3}},"line":152},"29":{"name":"(anonymous_29)","decl":{"start":{"line":156,"column":2},"end":{"line":156,"column":3}},"loc":{"start":{"line":156,"column":68},"end":{"line":158,"column":3}},"line":156},"30":{"name":"(anonymous_30)","decl":{"start":{"line":161,"column":2},"end":{"line":161,"column":3}},"loc":{"start":{"line":161,"column":66},"end":{"line":163,"column":3}},"line":161},"31":{"name":"(anonymous_31)","decl":{"start":{"line":165,"column":2},"end":{"line":165,"column":3}},"loc":{"start":{"line":165,"column":71},"end":{"line":167,"column":3}},"line":165},"32":{"name":"(anonymous_32)","decl":{"start":{"line":170,"column":2},"end":{"line":170,"column":3}},"loc":{"start":{"line":175,"column":19},"end":{"line":177,"column":3}},"line":175},"33":{"name":"(anonymous_33)","decl":{"start":{"line":180,"column":2},"end":{"line":180,"column":3}},"loc":{"start":{"line":184,"column":19},"end":{"line":186,"column":3}},"line":184}},"branchMap":{"0":{"loc":{"start":{"line":66,"column":19},"end":{"line":66,"column":61}},"type":"cond-expr","locations":[{"start":{"line":66,"column":31},"end":{"line":66,"column":56}},{"start":{"line":66,"column":59},"end":{"line":66,"column":61}}],"line":66},"1":{"loc":{"start":{"line":143,"column":19},"end":{"line":143,"column":61}},"type":"cond-expr","locations":[{"start":{"line":143,"column":31},"end":{"line":143,"column":56}},{"start":{"line":143,"column":59},"end":{"line":143,"column":61}}],"line":143}},"s":{"0":3,"1":1,"2":2,"3":1,"4":1,"5":1,"6":0,"7":1,"8":0,"9":0,"10":2,"11":2,"12":0,"13":1,"14":0,"15":1,"16":0,"17":0,"18":1,"19":0,"20":1,"21":0,"22":0,"23":1,"24":1,"25":2,"26":1,"27":2,"28":2,"29":1,"30":1,"31":1,"32":1,"33":1,"34":1,"35":1},"f":{"0":3,"1":1,"2":2,"3":1,"4":1,"5":1,"6":0,"7":1,"8":0,"9":0,"10":2,"11":0,"12":1,"13":0,"14":1,"15":0,"16":0,"17":1,"18":0,"19":1,"20":0,"21":0,"22":1,"23":1,"24":2,"25":1,"26":2,"27":1,"28":1,"29":1,"30":1,"31":1,"32":1,"33":1},"b":{"0":[1,1],"1":[1,1]},"_coverageSchema":"1a1c01bbd47fc00a2c39e90264f33305004495a9","hash":"e3ba7db81bc4c9d991f3e19ce125d09d3398953d"}
,"/workspace/frontend/src/services/api.ts": {"path":"/workspace/frontend/src/services/api.ts","statementMap":{"0":{"start":{"line":19,"column":30},"end":{"line":25,"column":1}},"1":{"start":{"line":28,"column":23},"end":{"line":28,"column":36}},"2":{"start":{"line":29,"column":14},"end":{"line":29,"column":65}},"3":{"start":{"line":33,"column":56},"end":{"line":33,"column":60}},"4":{"start":{"line":36,"column":4},"end":{"line":36,"column":40}},"5":{"start":{"line":37,"column":4},"end":{"line":37,"column":29}},"6":{"start":{"line":42,"column":4},"end":{"line":53,"column":6}},"7":{"start":{"line":44,"column":22},"end":{"line":44,"column":43}},"8":{"start":{"line":45,"column":8},"end":{"line":47,"column":9}},"9":{"start":{"line":46,"column":10},"end":{"line":46,"column":59}},"10":{"start":{"line":48,"column":8},"end":{"line":48,"column":22}},"11":{"start":{"line":51,"column":8},"end":{"line":51,"column":37}},"12":{"start":{"line":56,"column":4},"end":{"line":76,"column":6}},"13":{"start":{"line":57,"column":20},"end":{"line":57,"column":28}},"14":{"start":{"line":59,"column":32},"end":{"line":59,"column":44}},"15":{"start":{"line":61,"column":8},"end":{"line":72,"column":9}},"16":{"start":{"line":62,"column":10},"end":{"line":62,"column":40}},"17":{"start":{"line":64,"column":10},"end":{"line":71,"column":11}},"18":{"start":{"line":65,"column":29},"end":{"line":65,"column":54}},"19":{"start":{"line":66,"column":12},"end":{"line":66,"column":73}},"20":{"start":{"line":67,"column":12},"end":{"line":67,"column":45}},"21":{"start":{"line":69,"column":12},"end":{"line":69,"column":35}},"22":{"start":{"line":70,"column":12},"end":{"line":70,"column":48}},"23":{"start":{"line":74,"column":8},"end":{"line":74,"column":37}},"24":{"start":{"line":80,"column":4},"end":{"line":80,"column":48}},"25":{"start":{"line":84,"column":4},"end":{"line":84,"column":49}},"26":{"start":{"line":88,"column":4},"end":{"line":88,"column":49}},"27":{"start":{"line":89,"column":4},"end":{"line":89,"column":51}},"28":{"start":{"line":93,"column":4},"end":{"line":93,"column":44}},"29":{"start":{"line":94,"column":4},"end":{"line":94,"column":45}},"30":{"start":{"line":98,"column":4},"end":{"line":103,"column":5}},"31":{"start":{"line":99,"column":22},"end":{"line":99,"column":49}},"32":{"start":{"line":100,"column":6},"end":{"line":100,"column":45}},"33":{"start":{"line":102,"column":6},"end":{"line":102,"column":18}},"34":{"start":{"line":107,"column":4},"end":{"line":109,"column":5}},"35":{"start":{"line":108,"column":6},"end":{"line":108,"column":38}},"36":{"start":{"line":111,"column":4},"end":{"line":131,"column":7}},"37":{"start":{"line":112,"column":6},"end":{"line":130,"column":7}},"38":{"start":{"line":113,"column":29},"end":{"line":113,"column":51}},"39":{"start":{"line":114,"column":8},"end":{"line":116,"column":9}},"40":{"start":{"line":115,"column":10},"end":{"line":115,"column":56}},"41":{"start":{"line":118,"column":25},"end":{"line":120,"column":10}},"42":{"start":{"line":122,"column":36},"end":{"line":122,"column":49}},"43":{"start":{"line":123,"column":8},"end":{"line":123,"column":40}},"44":{"start":{"line":124,"column":8},"end":{"line":124,"column":24}},"45":{"start":{"line":126,"column":8},"end":{"line":126,"column":27}},"46":{"start":{"line":127,"column":8},"end":{"line":127,"column":22}},"47":{"start":{"line":129,"column":8},"end":{"line":129,"column":40}},"48":{"start":{"line":133,"column":4},"end":{"line":133,"column":36}},"49":{"start":{"line":137,"column":4},"end":{"line":137,"column":23}},"50":{"start":{"line":138,"column":4},"end":{"line":138,"column":36}},"51":{"start":{"line":143,"column":4},"end":{"line":143,"column":59}},"52":{"start":{"line":147,"column":19},"end":{"line":147,"column":33}},"53":{"start":{"line":148,"column":4},"end":{"line":150,"column":5}},"54":{"start":{"line":149,"column":6},"end":{"line":149,"column":25}},"55":{"start":{"line":151,"column":4},"end":{"line":151,"column":22}},"56":{"start":{"line":152,"column":4},"end":{"line":152,"column":16}},"57":{"start":{"line":156,"column":4},"end":{"line":156,"column":52}},"58":{"start":{"line":160,"column":4},"end":{"line":160,"column":18}},"59":{"start":{"line":165,"column":21},"end":{"line":165,"column":58}},"60":{"start":{"line":167,"column":4},"end":{"line":170,"column":5}},"61":{"start":{"line":168,"column":21},"end":{"line":168,"column":48}},"62":{"start":{"line":169,"column":6},"end":{"line":169,"column":32}},"63":{"start":{"line":169,"column":18},"end":{"line":169,"column":32}},"64":{"start":{"line":172,"column":4},"end":{"line":183,"column":5}},"65":{"start":{"line":173,"column":41},"end":{"line":173,"column":72}},"66":{"start":{"line":175,"column":6},"end":{"line":177,"column":7}},"67":{"start":{"line":176,"column":8},"end":{"line":176,"column":47}},"68":{"start":{"line":179,"column":6},"end":{"line":179,"column":27}},"69":{"start":{"line":181,"column":6},"end":{"line":181,"column":33}},"70":{"start":{"line":182,"column":6},"end":{"line":182,"column":18}},"71":{"start":{"line":187,"column":4},"end":{"line":193,"column":5}},"72":{"start":{"line":188,"column":41},"end":{"line":188,"column":79}},"73":{"start":{"line":189,"column":6},"end":{"line":189,"column":27}},"74":{"start":{"line":191,"column":6},"end":{"line":191,"column":33}},"75":{"start":{"line":192,"column":6},"end":{"line":192,"column":18}},"76":{"start":{"line":197,"column":4},"end":{"line":203,"column":5}},"77":{"start":{"line":198,"column":41},"end":{"line":198,"column":78}},"78":{"start":{"line":199,"column":6},"end":{"line":199,"column":27}},"79":{"start":{"line":201,"column":6},"end":{"line":201,"column":33}},"80":{"start":{"line":202,"column":6},"end":{"line":202,"column":18}},"81":{"start":{"line":207,"column":4},"end":{"line":213,"column":5}},"82":{"start":{"line":208,"column":41},"end":{"line":208,"column":80}},"83":{"start":{"line":209,"column":6},"end":{"line":209,"column":27}},"84":{"start":{"line":211,"column":6},"end":{"line":211,"column":33}},"85":{"start":{"line":212,"column":6},"end":{"line":212,"column":18}},"86":{"start":{"line":217,"column":4},"end":{"line":223,"column":5}},"87":{"start":{"line":218,"column":41},"end":{"line":218,"column":75}},"88":{"start":{"line":219,"column":6},"end":{"line":219,"column":27}},"89":{"start":{"line":221,"column":6},"end":{"line":221,"column":33}},"90":{"start":{"line":222,"column":6},"end":{"line":222,"column":18}},"91":{"start":{"line":232,"column":21},"end":{"line":232,"column":35}},"92":{"start":{"line":233,"column":4},"end":{"line":233,"column":34}},"93":{"start":{"line":235,"column":4},"end":{"line":253,"column":5}},"94":{"start":{"line":236,"column":41},"end":{"line":248,"column":8}},"95":{"start":{"line":241,"column":10},"end":{"line":246,"column":11}},"96":{"start":{"line":242,"column":29},"end":{"line":244,"column":13}},"97":{"start":{"line":245,"column":12},"end":{"line":245,"column":33}},"98":{"start":{"line":249,"column":6},"end":{"line":249,"column":27}},"99":{"start":{"line":251,"column":6},"end":{"line":251,"column":33}},"100":{"start":{"line":252,"column":6},"end":{"line":252,"column":18}},"101":{"start":{"line":258,"column":18},"end":{"line":258,"column":48}},"102":{"start":{"line":260,"column":4},"end":{"line":289,"column":5}},"103":{"start":{"line":261,"column":31},"end":{"line":261,"column":45}},"104":{"start":{"line":263,"column":6},"end":{"line":284,"column":7}},"105":{"start":{"line":265,"column":10},"end":{"line":265,"column":50}},"106":{"start":{"line":266,"column":10},"end":{"line":266,"column":16}},"107":{"start":{"line":268,"column":10},"end":{"line":268,"column":42}},"108":{"start":{"line":269,"column":10},"end":{"line":269,"column":16}},"109":{"start":{"line":271,"column":10},"end":{"line":271,"column":39}},"110":{"start":{"line":272,"column":10},"end":{"line":272,"column":16}},"111":{"start":{"line":274,"column":10},"end":{"line":274,"column":41}},"112":{"start":{"line":275,"column":10},"end":{"line":275,"column":16}},"113":{"start":{"line":277,"column":10},"end":{"line":277,"column":55}},"114":{"start":{"line":278,"column":10},"end":{"line":278,"column":16}},"115":{"start":{"line":280,"column":10},"end":{"line":280,"column":44}},"116":{"start":{"line":281,"column":10},"end":{"line":281,"column":16}},"117":{"start":{"line":283,"column":10},"end":{"line":283,"column":54}},"118":{"start":{"line":285,"column":11},"end":{"line":289,"column":5}},"119":{"start":{"line":286,"column":6},"end":{"line":286,"column":63}},"120":{"start":{"line":288,"column":6},"end":{"line":288,"column":53}},"121":{"start":{"line":291,"column":4},"end":{"line":291,"column":25}},"122":{"start":{"line":296,"column":4},"end":{"line":307,"column":5}},"123":{"start":{"line":297,"column":23},"end":{"line":301,"column":37}},"124":{"start":{"line":303,"column":6},"end":{"line":303,"column":56}},"125":{"start":{"line":304,"column":6},"end":{"line":304,"column":22}},"126":{"start":{"line":306,"column":6},"end":{"line":306,"column":18}},"127":{"start":{"line":311,"column":4},"end":{"line":322,"column":5}},"128":{"start":{"line":312,"column":23},"end":{"line":316,"column":37}},"129":{"start":{"line":318,"column":6},"end":{"line":318,"column":56}},"130":{"start":{"line":319,"column":6},"end":{"line":319,"column":22}},"131":{"start":{"line":321,"column":6},"end":{"line":321,"column":18}},"132":{"start":{"line":326,"column":4},"end":{"line":333,"column":5}},"133":{"start":{"line":327,"column":6},"end":{"line":327,"column":39}},"134":{"start":{"line":329,"column":6},"end":{"line":329,"column":44}},"135":{"start":{"line":331,"column":6},"end":{"line":331,"column":25}},"136":{"start":{"line":332,"column":6},"end":{"line":332,"column":24}},"137":{"start":{"line":337,"column":4},"end":{"line":341,"column":5}},"138":{"start":{"line":338,"column":6},"end":{"line":338,"column":48}},"139":{"start":{"line":340,"column":6},"end":{"line":340,"column":18}},"140":{"start":{"line":346,"column":18},"end":{"line":346,"column":39}},"141":{"start":{"line":347,"column":4},"end":{"line":347,"column":55}},"142":{"start":{"line":351,"column":18},"end":{"line":351,"column":39}},"143":{"start":{"line":352,"column":4},"end":{"line":352,"column":28}},"144":{"start":{"line":352,"column":16},"end":{"line":352,"column":28}},"145":{"start":{"line":354,"column":4},"end":{"line":358,"column":5}},"146":{"start":{"line":355,"column":6},"end":{"line":355,"column":41}},"147":{"start":{"line":357,"column":6},"end":{"line":357,"column":18}},"148":{"start":{"line":363,"column":4},"end":{"line":371,"column":5}},"149":{"start":{"line":364,"column":6},"end":{"line":368,"column":7}},"150":{"start":{"line":365,"column":8},"end":{"line":367,"column":9}},"151":{"start":{"line":366,"column":10},"end":{"line":366,"column":28}},"152":{"start":{"line":370,"column":6},"end":{"line":370,"column":24}},"153":{"start":{"line":376,"column":26},"end":{"line":376,"column":42}}},"fnMap":{"0":{"name":"(anonymous_0)","decl":{"start":{"line":35,"column":2},"end":{"line":35,"column":3}},"loc":{"start":{"line":35,"column":16},"end":{"line":38,"column":3}},"line":35},"1":{"name":"(anonymous_1)","decl":{"start":{"line":40,"column":2},"end":{"line":40,"column":3}},"loc":{"start":{"line":40,"column":30},"end":{"line":77,"column":3}},"line":40},"2":{"name":"(anonymous_2)","decl":{"start":{"line":43,"column":6},"end":{"line":43,"column":7}},"loc":{"start":{"line":43,"column":18},"end":{"line":49,"column":7}},"line":43},"3":{"name":"(anonymous_3)","decl":{"start":{"line":50,"column":6},"end":{"line":50,"column":7}},"loc":{"start":{"line":50,"column":17},"end":{"line":52,"column":7}},"line":50},"4":{"name":"(anonymous_4)","decl":{"start":{"line":57,"column":6},"end":{"line":57,"column":7}},"loc":{"start":{"line":57,"column":20},"end":{"line":57,"column":28}},"line":57},"5":{"name":"(anonymous_5)","decl":{"start":{"line":58,"column":6},"end":{"line":58,"column":7}},"loc":{"start":{"line":58,"column":23},"end":{"line":75,"column":7}},"line":58},"6":{"name":"(anonymous_6)","decl":{"start":{"line":79,"column":2},"end":{"line":79,"column":3}},"loc":{"start":{"line":79,"column":42},"end":{"line":81,"column":3}},"line":79},"7":{"name":"(anonymous_7)","decl":{"start":{"line":83,"column":2},"end":{"line":83,"column":3}},"loc":{"start":{"line":83,"column":43},"end":{"line":85,"column":3}},"line":83},"8":{"name":"(anonymous_8)","decl":{"start":{"line":87,"column":2},"end":{"line":87,"column":3}},"loc":{"start":{"line":87,"column":53},"end":{"line":90,"column":3}},"line":87},"9":{"name":"(anonymous_9)","decl":{"start":{"line":92,"column":2},"end":{"line":92,"column":3}},"loc":{"start":{"line":92,"column":24},"end":{"line":95,"column":3}},"line":92},"10":{"name":"(anonymous_10)","decl":{"start":{"line":97,"column":2},"end":{"line":97,"column":3}},"loc":{"start":{"line":97,"column":49},"end":{"line":104,"column":3}},"line":97},"11":{"name":"(anonymous_11)","decl":{"start":{"line":106,"column":2},"end":{"line":106,"column":3}},"loc":{"start":{"line":106,"column":48},"end":{"line":134,"column":3}},"line":106},"12":{"name":"(anonymous_12)","decl":{"start":{"line":111,"column":43},"end":{"line":111,"column":44}},"loc":{"start":{"line":111,"column":70},"end":{"line":131,"column":5}},"line":111},"13":{"name":"(anonymous_13)","decl":{"start":{"line":136,"column":2},"end":{"line":136,"column":3}},"loc":{"start":{"line":136,"column":28},"end":{"line":139,"column":3}},"line":136},"14":{"name":"(anonymous_14)","decl":{"start":{"line":142,"column":2},"end":{"line":142,"column":3}},"loc":{"start":{"line":142,"column":57},"end":{"line":144,"column":3}},"line":142},"15":{"name":"(anonymous_15)","decl":{"start":{"line":146,"column":2},"end":{"line":146,"column":3}},"loc":{"start":{"line":146,"column":48},"end":{"line":153,"column":3}},"line":146},"16":{"name":"(anonymous_16)","decl":{"start":{"line":155,"column":2},"end":{"line":155,"column":3}},"loc":{"start":{"line":155,"column":43},"end":{"line":157,"column":3}},"line":155},"17":{"name":"(anonymous_17)","decl":{"start":{"line":159,"column":2},"end":{"line":159,"column":3}},"loc":{"start":{"line":159,"column":23},"end":{"line":161,"column":3}},"line":159},"18":{"name":"(anonymous_18)","decl":{"start":{"line":164,"column":2},"end":{"line":164,"column":3}},"loc":{"start":{"line":164,"column":86},"end":{"line":184,"column":3}},"line":164},"19":{"name":"(anonymous_19)","decl":{"start":{"line":186,"column":2},"end":{"line":186,"column":3}},"loc":{"start":{"line":186,"column":82},"end":{"line":194,"column":3}},"line":186},"20":{"name":"(anonymous_20)","decl":{"start":{"line":196,"column":2},"end":{"line":196,"column":3}},"loc":{"start":{"line":196,"column":81},"end":{"line":204,"column":3}},"line":196},"21":{"name":"(anonymous_21)","decl":{"start":{"line":206,"column":2},"end":{"line":206,"column":3}},"loc":{"start":{"line":206,"column":83},"end":{"line":214,"column":3}},"line":206},"22":{"name":"(anonymous_22)","decl":{"start":{"line":216,"column":2},"end":{"line":216,"column":3}},"loc":{"start":{"line":216,"column":72},"end":{"line":224,"column":3}},"line":216},"23":{"name":"(anonymous_23)","decl":{"start":{"line":227,"column":2},"end":{"line":227,"column":3}},"loc":{"start":{"line":231,"column":16},"end":{"line":254,"column":3}},"line":231},"24":{"name":"(anonymous_24)","decl":{"start":{"line":240,"column":26},"end":{"line":240,"column":27}},"loc":{"start":{"line":240,"column":45},"end":{"line":247,"column":9}},"line":240},"25":{"name":"(anonymous_25)","decl":{"start":{"line":257,"column":2},"end":{"line":257,"column":3}},"loc":{"start":{"line":257,"column":37},"end":{"line":292,"column":3}},"line":257},"26":{"name":"(anonymous_26)","decl":{"start":{"line":295,"column":2},"end":{"line":295,"column":3}},"loc":{"start":{"line":295,"column":78},"end":{"line":308,"column":3}},"line":295},"27":{"name":"(anonymous_27)","decl":{"start":{"line":310,"column":2},"end":{"line":310,"column":3}},"loc":{"start":{"line":310,"column":32},"end":{"line":323,"column":3}},"line":310},"28":{"name":"(anonymous_28)","decl":{"start":{"line":325,"column":2},"end":{"line":325,"column":3}},"loc":{"start":{"line":325,"column":17},"end":{"line":334,"column":3}},"line":325},"29":{"name":"(anonymous_29)","decl":{"start":{"line":336,"column":2},"end":{"line":336,"column":3}},"loc":{"start":{"line":336,"column":25},"end":{"line":342,"column":3}},"line":336},"30":{"name":"(anonymous_30)","decl":{"start":{"line":345,"column":2},"end":{"line":345,"column":3}},"loc":{"start":{"line":345,"column":29},"end":{"line":348,"column":3}},"line":345},"31":{"name":"(anonymous_31)","decl":{"start":{"line":350,"column":2},"end":{"line":350,"column":3}},"loc":{"start":{"line":350,"column":35},"end":{"line":359,"column":3}},"line":350},"32":{"name":"(anonymous_32)","decl":{"start":{"line":362,"column":2},"end":{"line":362,"column":3}},"loc":{"start":{"line":362,"column":36},"end":{"line":372,"column":3}},"line":362}},"branchMap":{"0":{"loc":{"start":{"line":20,"column":11},"end":{"line":20,"column":71}},"type":"binary-expr","locations":[{"start":{"line":20,"column":11},"end":{"line":20,"column":40}},{"start":{"line":20,"column":44},"end":{"line":20,"column":71}}],"line":20},"1":{"loc":{"start":{"line":45,"column":8},"end":{"line":47,"column":9}},"type":"if","locations":[{"start":{"line":45,"column":8},"end":{"line":47,"column":9}},{"start":{},"end":{}}],"line":45},"2":{"loc":{"start":{"line":61,"column":8},"end":{"line":72,"column":9}},"type":"if","locations":[{"start":{"line":61,"column":8},"end":{"line":72,"column":9}},{"start":{},"end":{}}],"line":61},"3":{"loc":{"start":{"line":61,"column":12},"end":{"line":61,"column":69}},"type":"binary-expr","locations":[{"start":{"line":61,"column":12},"end":{"line":61,"column":42}},{"start":{"line":61,"column":46},"end":{"line":61,"column":69}}],"line":61},"4":{"loc":{"start":{"line":107,"column":4},"end":{"line":109,"column":5}},"type":"if","locations":[{"start":{"line":107,"column":4},"end":{"line":109,"column":5}},{"start":{},"end":{}}],"line":107},"5":{"loc":{"start":{"line":114,"column":8},"end":{"line":116,"column":9}},"type":"if","locations":[{"start":{"line":114,"column":8},"end":{"line":116,"column":9}},{"start":{},"end":{}}],"line":114},"6":{"loc":{"start":{"line":143,"column":20},"end":{"line":143,"column":56}},"type":"cond-expr","locations":[{"start":{"line":143,"column":29},"end":{"line":143,"column":51}},{"start":{"line":143,"column":54},"end":{"line":143,"column":56}}],"line":143},"7":{"loc":{"start":{"line":148,"column":4},"end":{"line":150,"column":5}},"type":"if","locations":[{"start":{"line":148,"column":4},"end":{"line":150,"column":5}},{"start":{},"end":{}}],"line":148},"8":{"loc":{"start":{"line":148,"column":8},"end":{"line":148,"column":64}},"type":"binary-expr","locations":[{"start":{"line":148,"column":8},"end":{"line":148,"column":14}},{"start":{"line":148,"column":18},"end":{"line":148,"column":64}}],"line":148},"9":{"loc":{"start":{"line":164,"column":57},"end":{"line":164,"column":72}},"type":"default-arg","locations":[{"start":{"line":164,"column":68},"end":{"line":164,"column":72}}],"line":164},"10":{"loc":{"start":{"line":167,"column":4},"end":{"line":170,"column":5}},"type":"if","locations":[{"start":{"line":167,"column":4},"end":{"line":170,"column":5}},{"start":{},"end":{}}],"line":167},"11":{"loc":{"start":{"line":169,"column":6},"end":{"line":169,"column":32}},"type":"if","locations":[{"start":{"line":169,"column":6},"end":{"line":169,"column":32}},{"start":{},"end":{}}],"line":169},"12":{"loc":{"start":{"line":175,"column":6},"end":{"line":177,"column":7}},"type":"if","locations":[{"start":{"line":175,"column":6},"end":{"line":177,"column":7}},{"start":{},"end":{}}],"line":175},"13":{"loc":{"start":{"line":241,"column":10},"end":{"line":246,"column":11}},"type":"if","locations":[{"start":{"line":241,"column":10},"end":{"line":246,"column":11}},{"start":{},"end":{}}],"line":241},"14":{"loc":{"start":{"line":241,"column":14},"end":{"line":241,"column":47}},"type":"binary-expr","locations":[{"start":{"line":241,"column":14},"end":{"line":241,"column":24}},{"start":{"line":241,"column":28},"end":{"line":241,"column":47}}],"line":241},"15":{"loc":{"start":{"line":260,"column":4},"end":{"line":289,"column":5}},"type":"if","locations":[{"start":{"line":260,"column":4},"end":{"line":289,"column":5}},{"start":{"line":285,"column":11},"end":{"line":289,"column":5}}],"line":260},"16":{"loc":{"start":{"line":263,"column":6},"end":{"line":284,"column":7}},"type":"switch","locations":[{"start":{"line":264,"column":8},"end":{"line":266,"column":16}},{"start":{"line":267,"column":8},"end":{"line":269,"column":16}},{"start":{"line":270,"column":8},"end":{"line":272,"column":16}},{"start":{"line":273,"column":8},"end":{"line":275,"column":16}},{"start":{"line":276,"column":8},"end":{"line":278,"column":16}},{"start":{"line":279,"column":8},"end":{"line":281,"column":16}},{"start":{"line":282,"column":8},"end":{"line":283,"column":54}}],"line":263},"17":{"loc":{"start":{"line":265,"column":20},"end":{"line":265,"column":49}},"type":"binary-expr","locations":[{"start":{"line":265,"column":20},"end":{"line":265,"column":32}},{"start":{"line":265,"column":36},"end":{"line":265,"column":49}}],"line":265},"18":{"loc":{"start":{"line":277,"column":20},"end":{"line":277,"column":54}},"type":"binary-expr","locations":[{"start":{"line":277,"column":20},"end":{"line":277,"column":32}},{"start":{"line":277,"column":36},"end":{"line":277,"column":54}}],"line":277},"19":{"loc":{"start":{"line":283,"column":20},"end":{"line":283,"column":53}},"type":"binary-expr","locations":[{"start":{"line":283,"column":20},"end":{"line":283,"column":32}},{"start":{"line":283,"column":36},"end":{"line":283,"column":53}}],"line":283},"20":{"loc":{"start":{"line":285,"column":11},"end":{"line":289,"column":5}},"type":"if","locations":[{"start":{"line":285,"column":11},"end":{"line":289,"column":5}},{"start":{"line":287,"column":11},"end":{"line":289,"column":5}}],"line":285},"21":{"loc":{"start":{"line":288,"column":16},"end":{"line":288,"column":52}},"type":"binary-expr","locations":[{"start":{"line":288,"column":16},"end":{"line":288,"column":29}},{"start":{"line":288,"column":33},"end":{"line":288,"column":52}}],"line":288},"22":{"loc":{"start":{"line":347,"column":11},"end":{"line":347,"column":54}},"type":"cond-expr","locations":[{"start":{"line":347,"column":19},"end":{"line":347,"column":46}},{"start":{"line":347,"column":49},"end":{"line":347,"column":54}}],"line":347},"23":{"loc":{"start":{"line":352,"column":4},"end":{"line":352,"column":28}},"type":"if","locations":[{"start":{"line":352,"column":4},"end":{"line":352,"column":28}},{"start":{},"end":{}}],"line":352},"24":{"loc":{"start":{"line":363,"column":4},"end":{"line":371,"column":5}},"type":"if","locations":[{"start":{"line":363,"column":4},"end":{"line":371,"column":5}},{"start":{"line":369,"column":11},"end":{"line":371,"column":5}}],"line":363},"25":{"loc":{"start":{"line":365,"column":8},"end":{"line":367,"column":9}},"type":"if","locations":[{"start":{"line":365,"column":8},"end":{"line":367,"column":9}},{"start":{},"end":{}}],"line":365}},"s":{"0":0,"1":0,"2":0,"3":0,"4":0,"5":0,"6":0,"7":0,"8":0,"9":0,"10":0,"11":0,"12":0,"13":0,"14":0,"15":0,"16":0,"17":0,"18":0,"19":0,"20":0,"21":0,"22":0,"23":0,"24":0,"25":0,"26":0,"27":0,"28":0,"29":0,"30":0,"31":0,"32":0,"33":0,"34":0,"35":0,"36":0,"37":0,"38":0,"39":0,"40":0,"41":0,"42":0,"43":0,"44":0,"45":0,"46":0,"47":0,"48":0,"49":0,"50":0,"51":0,"52":0,"53":0,"54":0,"55":0,"56":0,"57":0,"58":0,"59":0,"60":0,"61":0,"62":0,"63":0,"64":0,"65":0,"66":0,"67":0,"68":0,"69":0,"70":0,"71":0,"72":0,"73":0,"74":0,"75":0,"76":0,"77":0,"78":0,"79":0,"80":0,"81":0,"82":0,"83":0,"84":0,"85":0,"86":0,"87":0,"88":0,"89":0,"90":0,"91":0,"92":0,"93":0,"94":0,"95":0,"96":0,"97":0,"98":0,"99":0,"100":0,"101":0,"102":0,"103":0,"104":0,"105":0,"106":0,"107":0,"108":0,"109":0,"110":0,"111":0,"112":0,"113":0,"114":0,"115":0,"116":0,"117":0,"118":0,"119":0,"120":0,"121":0,"122":0,"123":0,"124":0,"125":0,"126":0,"127":0,"128":0,"129":0,"130":0,"131":0,"132":0,"133":0,"134":0,"135":0,"136":0,"137":0,"138":0,"139":0,"140":0,"141":0,"142":0,"143":0,"144":0,"145":0,"146":0,"147":0,"148":0,"149":0,"150":0,"151":0,"152":0,"153":0},"f":{"0":0,"1":0,"2":0,"3":0,"4":0,"5":0,"6":0,"7":0,"8":0,"9":0,"10":0,"11":0,"12":0,"13":0,"14":0,"15":0,"16":0,"17":0,"18":0,"19":0,"20":0,"21":0,"22":0,"23":0,"24":0,"25":0,"26":0,"27":0,"28":0,"29":0,"30":0,"31":0,"32":0},"b":{"0":[0,0],"1":[0,0],"2":[0,0],"3":[0,0],"4":[0,0],"5":[0,0],"6":[0,0],"7":[0,0],"8":[0,0],"9":[0],"10":[0,0],"11":[0,0],"12":[0,0],"13":[0,0],"14":[0,0],"15":[0,0],"16":[0,0,0,0,0,0,0],"17":[0,0],"18":[0,0],"19":[0,0],"20":[0,0],"21":[0,0],"22":[0,0],"23":[0,0],"24":[0,0],"25":[0,0]}}
,"/workspace/frontend/src/services/familiesApi.ts": {"path":"/workspace/frontend/src/services/familiesApi.ts","statementMap":{"0":{"start":{"line":17,"column":4},"end":{"line":17,"column":52}},"1":{"start":{"line":21,"column":4},"end":{"line":21,"column":46}},"2":{"start":{"line":25,"column":4},"end":{"line":25,"column":47}},"3":{"start":{"line":29,"column":4},"end":{"line":29,"column":52}},"4":{"start":{"line":33,"column":4},"end":{"line":33,"column":49}},"5":{"start":{"line":38,"column":4},"end":{"line":38,"column":60}},"6":{"start":{"line":42,"column":4},"end":{"line":42,"column":72}},"7":{"start":{"line":46,"column":4},"end":{"line":46,"column":67}},"8":{"start":{"line":50,"column":4},"end":{"line":50,"column":78}},"9":{"start":{"line":54,"column":4},"end":{"line":54,"column":75}},"10":{"start":{"line":59,"column":4},"end":{"line":59,"column":61}},"11":{"start":{"line":63,"column":4},"end":{"line":63,"column":74}},"12":{"start":{"line":67,"column":4},"end":{"line":67,"column":68}},"13":{"start":{"line":71,"column":4},"end":{"line":71,"column":80}},"14":{"start":{"line":75,"column":4},"end":{"line":75,"column":77}},"15":{"start":{"line":80,"column":4},"end":{"line":80,"column":62}},"16":{"start":{"line":85,"column":4},"end":{"line":85,"column":73}}},"fnMap":{"0":{"name":"(anonymous_0)","decl":{"start":{"line":12,"column":2},"end":{"line":12,"column":3}},"loc":{"start":{"line":16,"column":41},"end":{"line":18,"column":3}},"line":16},"1":{"name":"(anonymous_1)","decl":{"start":{"line":20,"column":2},"end":{"line":20,"column":3}},"loc":{"start":{"line":20,"column":54},"end":{"line":22,"column":3}},"line":20},"2":{"name":"(anonymous_2)","decl":{"start":{"line":24,"column":2},"end":{"line":24,"column":3}},"loc":{"start":{"line":24,"column":68},"end":{"line":26,"column":3}},"line":24},"3":{"name":"(anonymous_3)","decl":{"start":{"line":28,"column":2},"end":{"line":28,"column":3}},"loc":{"start":{"line":28,"column":80},"end":{"line":30,"column":3}},"line":28},"4":{"name":"(anonymous_4)","decl":{"start":{"line":32,"column":2},"end":{"line":32,"column":3}},"loc":{"start":{"line":32,"column":55},"end":{"line":34,"column":3}},"line":32},"5":{"name":"(anonymous_5)","decl":{"start":{"line":37,"column":2},"end":{"line":37,"column":3}},"loc":{"start":{"line":37,"column":75},"end":{"line":39,"column":3}},"line":37},"6":{"name":"(anonymous_6)","decl":{"start":{"line":41,"column":2},"end":{"line":41,"column":3}},"loc":{"start":{"line":41,"column":90},"end":{"line":43,"column":3}},"line":41},"7":{"name":"(anonymous_7)","decl":{"start":{"line":45,"column":2},"end":{"line":45,"column":3}},"loc":{"start":{"line":45,"column":104},"end":{"line":47,"column":3}},"line":45},"8":{"name":"(anonymous_8)","decl":{"start":{"line":49,"column":2},"end":{"line":49,"column":3}},"loc":{"start":{"line":49,"column":122},"end":{"line":51,"column":3}},"line":49},"9":{"name":"(anonymous_9)","decl":{"start":{"line":53,"column":2},"end":{"line":53,"column":3}},"loc":{"start":{"line":53,"column":85},"end":{"line":55,"column":3}},"line":53},"10":{"name":"(anonymous_10)","decl":{"start":{"line":58,"column":2},"end":{"line":58,"column":3}},"loc":{"start":{"line":58,"column":77},"end":{"line":60,"column":3}},"line":58},"11":{"name":"(anonymous_11)","decl":{"start":{"line":62,"column":2},"end":{"line":62,"column":3}},"loc":{"start":{"line":62,"column":93},"end":{"line":64,"column":3}},"line":62},"12":{"name":"(anonymous_12)","decl":{"start":{"line":66,"column":2},"end":{"line":66,"column":3}},"loc":{"start":{"line":66,"column":107},"end":{"line":68,"column":3}},"line":66},"13":{"name":"(anonymous_13)","decl":{"start":{"line":70,"column":2},"end":{"line":70,"column":3}},"loc":{"start":{"line":70,"column":126},"end":{"line":72,"column":3}},"line":70},"14":{"name":"(anonymous_14)","decl":{"start":{"line":74,"column":2},"end":{"line":74,"column":3}},"loc":{"start":{"line":74,"column":87},"end":{"line":76,"column":3}},"line":74},"15":{"name":"(anonymous_15)","decl":{"start":{"line":79,"column":2},"end":{"line":79,"column":3}},"loc":{"start":{"line":79,"column":66},"end":{"line":81,"column":3}},"line":79},"16":{"name":"(anonymous_16)","decl":{"start":{"line":84,"column":2},"end":{"line":84,"column":3}},"loc":{"start":{"line":84,"column":81},"end":{"line":86,"column":3}},"line":84}},"branchMap":{},"s":{"0":0,"1":0,"2":0,"3":0,"4":0,"5":0,"6":0,"7":0,"8":0,"9":0,"10":0,"11":0,"12":0,"13":0,"14":0,"15":0,"16":0},"f":{"0":0,"1":0,"2":0,"3":0,"4":0,"5":0,"6":0,"7":0,"8":0,"9":0,"10":0,"11":0,"12":0,"13":0,"14":0,"15":0,"16":0},"b":{}}
,"/workspace/frontend/src/services/lessonsApi.ts": {"path":"/workspace/frontend/src/services/lessonsApi.ts","statementMap":{"0":{"start":{"line":19,"column":4},"end":{"line":19,"column":51}},"1":{"start":{"line":23,"column":4},"end":{"line":23,"column":45}},"2":{"start":{"line":27,"column":4},"end":{"line":27,"column":46}},"3":{"start":{"line":31,"column":4},"end":{"line":31,"column":51}},"4":{"start":{"line":35,"column":4},"end":{"line":35,"column":48}},"5":{"start":{"line":40,"column":4},"end":{"line":40,"column":57}},"6":{"start":{"line":44,"column":4},"end":{"line":44,"column":67}},"7":{"start":{"line":48,"column":4},"end":{"line":48,"column":64}},"8":{"start":{"line":52,"column":4},"end":{"line":52,"column":73}},"9":{"start":{"line":56,"column":4},"end":{"line":56,"column":70}},"10":{"start":{"line":61,"column":4},"end":{"line":61,"column":61}},"11":{"start":{"line":65,"column":4},"end":{"line":65,"column":75}},"12":{"start":{"line":69,"column":4},"end":{"line":69,"column":68}},"13":{"start":{"line":73,"column":4},"end":{"line":73,"column":81}},"14":{"start":{"line":77,"column":4},"end":{"line":77,"column":78}},"15":{"start":{"line":82,"column":4},"end":{"line":82,"column":63}},"16":{"start":{"line":86,"column":4},"end":{"line":86,"column":79}},"17":{"start":{"line":90,"column":4},"end":{"line":90,"column":70}},"18":{"start":{"line":94,"column":4},"end":{"line":94,"column":85}},"19":{"start":{"line":98,"column":4},"end":{"line":98,"column":82}},"20":{"start":{"line":103,"column":4},"end":{"line":103,"column":72}}},"fnMap":{"0":{"name":"(anonymous_0)","decl":{"start":{"line":12,"column":2},"end":{"line":12,"column":3}},"loc":{"start":{"line":18,"column":41},"end":{"line":20,"column":3}},"line":18},"1":{"name":"(anonymous_1)","decl":{"start":{"line":22,"column":2},"end":{"line":22,"column":3}},"loc":{"start":{"line":22,"column":54},"end":{"line":24,"column":3}},"line":22},"2":{"name":"(anonymous_2)","decl":{"start":{"line":26,"column":2},"end":{"line":26,"column":3}},"loc":{"start":{"line":26,"column":68},"end":{"line":28,"column":3}},"line":26},"3":{"name":"(anonymous_3)","decl":{"start":{"line":30,"column":2},"end":{"line":30,"column":3}},"loc":{"start":{"line":30,"column":80},"end":{"line":32,"column":3}},"line":30},"4":{"name":"(anonymous_4)","decl":{"start":{"line":34,"column":2},"end":{"line":34,"column":3}},"loc":{"start":{"line":34,"column":55},"end":{"line":36,"column":3}},"line":34},"5":{"name":"(anonymous_5)","decl":{"start":{"line":39,"column":2},"end":{"line":39,"column":3}},"loc":{"start":{"line":39,"column":64},"end":{"line":41,"column":3}},"line":39},"6":{"name":"(anonymous_6)","decl":{"start":{"line":43,"column":2},"end":{"line":43,"column":3}},"loc":{"start":{"line":43,"column":77},"end":{"line":45,"column":3}},"line":43},"7":{"name":"(anonymous_7)","decl":{"start":{"line":47,"column":2},"end":{"line":47,"column":3}},"loc":{"start":{"line":47,"column":75},"end":{"line":49,"column":3}},"line":47},"8":{"name":"(anonymous_8)","decl":{"start":{"line":51,"column":2},"end":{"line":51,"column":3}},"loc":{"start":{"line":51,"column":91},"end":{"line":53,"column":3}},"line":51},"9":{"name":"(anonymous_9)","decl":{"start":{"line":55,"column":2},"end":{"line":55,"column":3}},"loc":{"start":{"line":55,"column":81},"end":{"line":57,"column":3}},"line":55},"10":{"name":"(anonymous_10)","decl":{"start":{"line":60,"column":2},"end":{"line":60,"column":3}},"loc":{"start":{"line":60,"column":79},"end":{"line":62,"column":3}},"line":60},"11":{"name":"(anonymous_11)","decl":{"start":{"line":64,"column":2},"end":{"line":64,"column":3}},"loc":{"start":{"line":64,"column":96},"end":{"line":66,"column":3}},"line":64},"12":{"name":"(anonymous_12)","decl":{"start":{"line":68,"column":2},"end":{"line":68,"column":3}},"loc":{"start":{"line":68,"column":110},"end":{"line":70,"column":3}},"line":68},"13":{"name":"(anonymous_13)","decl":{"start":{"line":72,"column":2},"end":{"line":72,"column":3}},"loc":{"start":{"line":72,"column":130},"end":{"line":74,"column":3}},"line":72},"14":{"name":"(anonymous_14)","decl":{"start":{"line":76,"column":2},"end":{"line":76,"column":3}},"loc":{"start":{"line":76,"column":89},"end":{"line":78,"column":3}},"line":76},"15":{"name":"(anonymous_15)","decl":{"start":{"line":81,"column":2},"end":{"line":81,"column":3}},"loc":{"start":{"line":81,"column":83},"end":{"line":83,"column":3}},"line":81},"16":{"name":"(anonymous_16)","decl":{"start":{"line":85,"column":2},"end":{"line":85,"column":3}},"loc":{"start":{"line":85,"column":102},"end":{"line":87,"column":3}},"line":85},"17":{"name":"(anonymous_17)","decl":{"start":{"line":89,"column":2},"end":{"line":89,"column":3}},"loc":{"start":{"line":89,"column":116},"end":{"line":91,"column":3}},"line":89},"18":{"name":"(anonymous_18)","decl":{"start":{"line":93,"column":2},"end":{"line":93,"column":3}},"loc":{"start":{"line":93,"column":138},"end":{"line":95,"column":3}},"line":93},"19":{"name":"(anonymous_19)","decl":{"start":{"line":97,"column":2},"end":{"line":97,"column":3}},"loc":{"start":{"line":97,"column":93},"end":{"line":99,"column":3}},"line":97},"20":{"name":"(anonymous_20)","decl":{"start":{"line":102,"column":2},"end":{"line":102,"column":3}},"loc":{"start":{"line":102,"column":80},"end":{"line":104,"column":3}},"line":102}},"branchMap":{},"s":{"0":0,"1":0,"2":0,"3":0,"4":0,"5":0,"6"
[...]
,"end":{"line":117,"column":11}},{"start":{},"end":{}}],"line":108},"3":{"loc":{"start":{"line":189,"column":28},"end":{"line":189,"column":39}},"type":"default-arg","locations":[{"start":{"line":189,"column":37},"end":{"line":189,"column":39}}],"line":189},"4":{"loc":{"start":{"line":196,"column":20},"end":{"line":196,"column":36}},"type":"binary-expr","locations":[{"start":{"line":196,"column":20},"end":{"line":196,"column":31}},{"start":{"line":196,"column":35},"end":{"line":196,"column":36}}],"line":196},"5":{"loc":{"start":{"line":197,"column":24},"end":{"line":197,"column":46}},"type":"binary-expr","locations":[{"start":{"line":197,"column":24},"end":{"line":197,"column":40}},{"start":{"line":197,"column":44},"end":{"line":197,"column":46}}],"line":197},"6":{"loc":{"start":{"line":199,"column":54},"end":{"line":199,"column":76}},"type":"binary-expr","locations":[{"start":{"line":199,"column":54},"end":{"line":199,"column":70}},{"start":{"line":199,"column":74},"end":{"line":199,"column":76}}],"line":199},"7":{"loc":{"start":{"line":331,"column":27},"end":{"line":331,"column":38}},"type":"default-arg","locations":[{"start":{"line":331,"column":36},"end":{"line":331,"column":38}}],"line":331},"8":{"loc":{"start":{"line":338,"column":20},"end":{"line":338,"column":36}},"type":"binary-expr","locations":[{"start":{"line":338,"column":20},"end":{"line":338,"column":31}},{"start":{"line":338,"column":35},"end":{"line":338,"column":36}}],"line":338},"9":{"loc":{"start":{"line":339,"column":24},"end":{"line":339,"column":46}},"type":"binary-expr","locations":[{"start":{"line":339,"column":24},"end":{"line":339,"column":40}},{"start":{"line":339,"column":44},"end":{"line":339,"column":46}}],"line":339},"10":{"loc":{"start":{"line":341,"column":54},"end":{"line":341,"column":76}},"type":"binary-expr","locations":[{"start":{"line":341,"column":54},"end":{"line":341,"column":70}},{"start":{"line":341,"column":74},"end":{"line":341,"column":76}}],"line":341},"11":{"loc":{"start":{"line":464,"column":29},"end":{"line":464,"column":40}},"type":"default-arg","locations":[{"start":{"line":464,"column":38},"end":{"line":464,"column":40}}],"line":464},"12":{"loc":{"start":{"line":580,"column":14},"end":{"line":580,"column":52}},"type":"cond-expr","locations":[{"start":{"line":580,"column":28},"end":{"line":580,"column":48}},{"start":{"line":580,"column":51},"end":{"line":580,"column":52}}],"line":580},"13":{"loc":{"start":{"line":606,"column":59},"end":{"line":606,"column":81}},"type":"binary-expr","locations":[{"start":{"line":606,"column":59},"end":{"line":606,"column":70}},{"start":{"line":606,"column":74},"end":{"line":606,"column":81}}],"line":606},"14":{"loc":{"start":{"line":616,"column":44},"end":{"line":616,"column":69}},"type":"cond-expr","locations":[{"start":{"line":616,"column":64},"end":{"line":616,"column":65}},{"start":{"line":616,"column":68},"end":{"line":616,"column":69}}],"line":616},"15":{"loc":{"start":{"line":679,"column":10},"end":{"line":682,"column":11}},"type":"if","locations":[{"start":{"line":679,"column":10},"end":{"line":682,"column":11}},{"start":{},"end":{}}],"line":679}},"s":{"0":0,"1":0,"2":0,"3":0,"4":0,"5":0,"6":0,"7":0,"8":0,"9":0,"10":0,"11":0,"12":0,"13":0,"14":0,"15":0,"16":0,"17":0,"18":0,"19":0,"20":0,"21":0,"22":0,"23":0,"24":0,"25":0,"26":0,"27":0,"28":0,"29":0,"30":0,"31":0,"32":0,"33":0,"34":0,"35":0,"36":0,"37":0,"38":0,"39":0,"40":0,"41":0,"42":0,"43":0,"44":0,"45":0,"46":0,"47":0,"48":0,"49":0,"50":0,"51":0,"52":0,"53":0,"54":0,"55":0,"56":0,"57":0,"58":0,"59":0,"60":0,"61":0,"62":0,"63":0,"64":0,"65":0,"66":0,"67":0,"68":0,"69":0,"70":0,"71":0,"72":0,"73":0,"74":0,"75":0,"76":0,"77":0,"78":0,"79":0,"80":0,"81":0,"82":0,"83":0,"84":0,"85":0,"86":0,"87":0,"88":0,"89":0,"90":0,"91":0,"92":0,"93":0,"94":0,"95":0,"96":0,"97":0,"98":0,"99":0,"100":0,"101":0,"102":0,"103":0,"104":0,"105":0,"106":0,"107":0,"108":0,"109":0,"110":0,"111":0,"112":0,"113":0,"114":0,"115":0,"116":0,"117":0,"118":0,"119":0,"120":0,"121":0,"122":0,"123":0,"124":0,"125":0,"126":0,"127":0,"128":0,"129":0,"130":0,"131":0,"132":0,"133":0,"134":0,"135":0,"136":0,"137":0,"138":0,"139":0,"140":0,"141":0,"142":0,"143":0,"144":0,"145":0,"146":0,"147":0,"148":0,"149":0,"150":0,"151":0,"152":0,"153":0,"154":0,"155":0,"156":0,"157":0,"158":0,"159":0,"160":0,"161":0,"162":0,"163":0,"164":0,"165":0,"166":0,"167":0,"168":0,"169":0,"170":0,"171":0,"172":0,"173":0,"174":0,"175":0,"176":0,"177":0,"178":0,"179":0,"180":0,"181":0,"182":0,"183":0,"184":0,"185":0,"186":0,"187":0,"188":0,"189":0,"190":0,"191":0,"192":0,"193":0,"194":0,"195":0,"196":0,"197":0},"f":{"0":0,"1":0,"2":0,"3":0,"4":0,"5":0,"6":0,"7":0,"8":0,"9":0,"10":0,"11":0,"12":0,"13":0,"14":0,"15":0,"16":0,"17":0,"18":0,"19":0,"20":0,"21":0,"22":0,"23":0,"24":0,"25":0,"26":0,"27":0,"28":0,"29":0,"30":0,"31":0,"32":0,"33":0,"34":0,"35":0,"36":0,"37":0,"38":0,"39":0,"40":0,"41":0,"42":0,"43":0,"44":0,"45":0,"46":0,"47":0,"48":0,"49":0,"50":0,"51":0,"52":0,"53":0,"54":0,"55":0,"56":0},"b":{"0":[0,0],"1":[0,0],"2":[0,0],"3":[0],"4":[0,0],"5":[0,0],"6":[0,0],"7":[0],"8":[0,0],"9":[0,0],"10":[0,0],"11":[0],"12":[0,0],"13":[0,0],"14":[0,0],"15":[0,0]}}
,"/workspace/frontend/src/types/index.ts": {"path":"/workspace/frontend/src/types/index.ts","statementMap":{},"fnMap":{},"branchMap":{},"s":{},"f":{},"b":{}}
,"/workspace/frontend/src/utils/testUtils.ts": {"path":"/workspace/frontend/src/utils/testUtils.ts","statementMap":{"0":{"start":{"line":8,"column":0},"end":{"line":15,"column":4}},"1":{"start":{"line":8,"column":36},"end":{"line":15,"column":1}},"2":{"start":{"line":18,"column":0},"end":{"line":34,"column":4}},"3":{"start":{"line":18,"column":36},"end":{"line":34,"column":1}},"4":{"start":{"line":37,"column":0},"end":{"line":51,"column":4}},"5":{"start":{"line":37,"column":42},"end":{"line":51,"column":1}},"6":{"start":{"line":54,"column":0},"end":{"line":62,"column":4}},"7":{"start":{"line":54,"column":29},"end":{"line":62,"column":1}},"8":{"start":{"line":65,"column":35},"end":{"line":93,"column":1}},"9":{"start":{"line":73,"column":22},"end":{"line":79,"column":4}},"10":{"start":{"line":81,"column":18},"end":{"line":87,"column":3}},"11":{"start":{"line":82,"column":4},"end":{"line":86,"column":6}},"12":{"start":{"line":89,"column":2},"end":{"line":92,"column":4}},"13":{"start":{"line":96,"column":24},"end":{"line":145,"column":1}},"14":{"start":{"line":147,"column":27},"end":{"line":177,"column":1}},"15":{"start":{"line":179,"column":28},"end":{"line":219,"column":1}},"16":{"start":{"line":221,"column":37},"end":{"line":237,"column":1}},"17":{"start":{"line":239,"column":33},"end":{"line":255,"column":1}},"18":{"start":{"line":257,"column":26},"end":{"line":277,"column":1}},"19":{"start":{"line":279,"column":25},"end":{"line":294,"column":1}},"20":{"start":{"line":296,"column":26},"end":{"line":314,"column":1}},"21":{"start":{"line":317,"column":31},"end":{"line":323,"column":2}},"22":{"start":{"line":317,"column":48},"end":{"line":323,"column":1}},"23":{"start":{"line":325,"column":37},"end":{"line":336,"column":2}},"24":{"start":{"line":325,"column":85},"end":{"line":336,"column":1}},"25":{"start":{"line":339,"column":38},"end":{"line":342,"column":4}},"26":{"start":{"line":340,"column":2},"end":{"line":342,"column":4}},"27":{"start":{"line":341,"column":4},"end":{"line":341,"column":67}},"28":{"start":{"line":344,"column":36},"end":{"line":347,"column":4}},"29":{"start":{"line":345,"column":2},"end":{"line":347,"column":4}},"30":{"start":{"line":346,"column":4},"end":{"line":346,"column":59}},"31":{"start":{"line":349,"column":37},"end":{"line":352,"column":4}},"32":{"start":{"line":350,"column":2},"end":{"line":352,"column":4}},"33":{"start":{"line":351,"column":4},"end":{"line":351,"column":45}},"34":{"start":{"line":354,"column":35},"end":{"line":357,"column":4}},"35":{"start":{"line":355,"column":2},"end":{"line":357,"column":4}},"36":{"start":{"line":356,"column":4},"end":{"line":356,"column":43}},"37":{"start":{"line":360,"column":43},"end":{"line":362,"column":1}},"38":{"start":{"line":361,"column":2},"end":{"line":361,"column":38}},"39":{"start":{"line":364,"column":46},"end":{"line":366,"column":1}},"40":{"start":{"line":365,"column":2},"end":{"line":365,"column":42}},"41":{"start":{"line":368,"column":40},"end":{"line":370,"column":1}},"42":{"start":{"line":369,"column":2},"end":{"line":369,"column":53}},"43":{"start":{"line":372,"column":43},"end":{"line":374,"column":1}},"44":{"start":{"line":373,"column":2},"end":{"line":373,"column":59}},"45":{"start":{"line":377,"column":29},"end":{"line":380,"column":1}},"46":{"start":{"line":378,"column":16},"end":{"line":378,"column":80}},"47":{"start":{"line":379,"column":2},"end":{"line":379,"column":49}},"48":{"start":{"line":382,"column":26},"end":{"line":384,"column":1}},"49":{"start":{"line":383,"column":2},"end":{"line":383,"column":25}},"50":{"start":{"line":386,"column":27},"end":{"line":389,"column":1}},"51":{"start":{"line":387,"column":17},"end":{"line":387,"column":59}},"52":{"start":{"line":388,"column":2},"end":{"line":388,"column":26}},"53":{"start":{"line":391,"column":25},"end":{"line":394,"column":1}},"54":{"start":{"line":392,"column":15},"end":{"line":392,"column":55}},"55":{"start":{"line":393,"column":2},"end":{"line":393,"column":24}},"56":{"start":{"line":397,"column":33},"end":{"line":399,"column":1}},"57":{"start":{"line":398,"column":2},"end":{"line":398,"column":46}},"58":{"start":{"line":402,"column":40},"end":{"line":410,"column":1}},"59":{"start":{"line":403,"column":35},"end":{"line":403,"column":44}},"60":{"start":{"line":404,"column":2},"end":{"line":408,"column":5}},"61":{"start":{"line":405,"column":19},"end":{"line":405,"column":23}},"62":{"start":{"line":406,"column":21},"end":{"line":406,"column":25}},"63":{"start":{"line":407,"column":22},"end":{"line":407,"column":26}},"64":{"start":{"line":409,"column":2},"end":{"line":409,"column":57}},"65":{"start":{"line":413,"column":34},"end":{"line":421,"column":1}},"66":{"start":{"line":414,"column":29},"end":{"line":414,"column":38}},"67":{"start":{"line":415,"column":2},"end":{"line":419,"column":5}},"68":{"start":{"line":416,"column":19},"end":{"line":416,"column":23}},"69":{"start":{"line":417,"column":21},"end":{"line":417,"column":25}},"70":{"start":{"line":418,"column":22},"end":{"line":418,"column":26}},"71":{"start":{"line":420,"column":2},"end":{"line":420,"column":45}},"72":{"start":{"line":424,"column":30},"end":{"line":438,"column":1}},"73":{"start":{"line":425,"column":2},"end":{"line":437,"column":5}},"74":{"start":{"line":427,"column":50},"end":{"line":436,"column":5}},"75":{"start":{"line":441,"column":0},"end":{"line":445,"column":3}},"76":{"start":{"line":442,"column":2},"end":{"line":442,"column":29}},"77":{"start":{"line":443,"column":2},"end":{"line":443,"column":23}},"78":{"start":{"line":444,"column":2},"end":{"line":444,"column":19}},"79":{"start":{"line":448,"column":0},"end":{"line":451,"column":3}},"80":{"start":{"line":449,"column":2},"end":{"line":449,"column":23}},"81":{"start":{"line":450,"column":2},"end":{"line":450,"column":24}}},"fnMap":{"0":{"name":"(anonymous_0)","decl":{"start":{"line":8,"column":29},"end":{"line":8,"column":30}},"loc":{"start":{"line":8,"column":36},"end":{"line":15,"column":1}},"line":8},"1":{"name":"(anonymous_1)","decl":{"start":{"line":18,"column":29},"end":{"line":18,"column":30}},"loc":{"start":{"line":18,"column":36},"end":{"line":34,"column":1}},"line":18},"2":{"name":"(anonymous_2)","decl":{"start":{"line":37,"column":35},"end":{"line":37,"column":36}},"loc":{"start":{"line":37,"column":42},"end":{"line":51,"column":1}},"line":37},"3":{"name":"(anonymous_3)","decl":{"start":{"line":54,"column":22},"end":{"line":54,"column":23}},"loc":{"start":{"line":54,"column":29},"end":{"line":62,"column":1}},"line":54},"4":{"name":"(anonymous_4)","decl":{"start":{"line":65,"column":35},"end":{"line":65,"column":36}},"loc":{"start":{"line":72,"column":5},"end":{"line":93,"column":1}},"line":72},"5":{"name":"(anonymous_5)","decl":{"start":{"line":81,"column":18},"end":{"line":81,"column":19}},"loc":{"start":{"line":81,"column":67},"end":{"line":87,"column":3}},"line":81},"6":{"name":"(anonymous_6)","decl":{"start":{"line":317,"column":31},"end":{"line":317,"column":32}},"loc":{"start":{"line":317,"column":48},"end":{"line":323,"column":1}},"line":317},"7":{"name":"(anonymous_7)","decl":{"start":{"line":325,"column":37},"end":{"line":325,"column":38}},"loc":{"start":{"line":325,"column":85},"end":{"line":336,"column":1}},"line":325},"8":{"name":"(anonymous_8)","decl":{"start":{"line":339,"column":38},"end":{"line":339,"column":39}},"loc":{"start":{"line":340,"column":2},"end":{"line":342,"column":4}},"line":340},"9":{"name":"(anonymous_9)","decl":{"start":{"line":340,"column":10},"end":{"line":340,"column":11}},"loc":{"start":{"line":340,"column":16},"end":{"line":342,"column":3}},"line":340},"10":{"name":"(anonymous_10)","decl":{"start":{"line":344,"column":36},"end":{"line":344,"column":37}},"loc":{"start":{"line":345,"column":2},"end":{"line":347,"column":4}},"line":345},"11":{"name":"(anonymous_11)","decl":{"start":{"line":345,"column":10},"end":{"line":345,"column":11}},"loc":{"start":{"line":345,"column":16},"end":{"line":347,"column":3}},"line":345},"12":{"name":"(anonymous_12)","decl":{"start":{"line":349,"column":37},"end":{"line":349,"column":38}},"loc":{"start":{"line":350,"column":2},"end":{"line":352,"column":4}},"line":350},"13":{"name":"(anonymous_13)","decl":{"start":{"line":350,"column":10},"end":{"line":350,"column":11}},"loc":{"start":{"line":350,"column":16},"end":{"line":352,"column":3}},"line":350},"14":{"name":"(anonymous_14)","decl":{"start":{"line":354,"column":35},"end":{"line":354,"column":36}},"loc":{"start":{"line":355,"column":2},"end":{"line":357,"column":4}},"line":355},"15":{"name":"(anonymous_15)","decl":{"start":{"line":355,"column":10},"end":{"line":355,"column":11}},"loc":{"start":{"line":355,"column":16},"end":{"line":357,"column":3}},"line":355},"16":{"name":"(anonymous_16)","decl":{"start":{"line":360,"column":43},"end":{"line":360,"column":44}},"loc":{"start":{"line":360,"column":69},"end":{"line":362,"column":1}},"line":360},"17":{"name":"(anonymous_17)","decl":{"start":{"line":364,"column":46},"end":{"line":364,"column":47}},"loc":{"start":{"line":364,"column":72},"end":{"line":366,"column":1}},"line":364},"18":{"name":"(anonymous_18)","decl":{"start":{"line":368,"column":40},"end":{"line":368,"column":41}},"loc":{"start":{"line":368,"column":58},"end":{"line":370,"column":1}},"line":368},"19":{"name":"(anonymous_19)","decl":{"start":{"line":372,"column":43},"end":{"line":372,"column":44}},"loc":{"start":{"line":372,"column":61},"end":{"line":374,"column":1}},"line":372},"20":{"name":"(anonymous_20)","decl":{"start":{"line":377,"column":29},"end":{"line":377,"column":30}},"loc":{"start":{"line":377,"column":62},"end":{"line":380,"column":1}},"line":377},"21":{"name":"(anonymous_21)","decl":{"start":{"line":382,"column":26},"end":{"line":382,"column":27}},"loc":{"start":{"line":382,"column":49},"end":{"line":384,"column":1}},"line":382},"22":{"name":"(anonymous_22)","decl":{"start":{"line":386,"column":27},"end":{"line":386,"column":28}},"loc":{"start":{"line":386,"column":45},"end":{"line":389,"column":1}},"line":386},"23":{"name":"(anonymous_23)","decl":{"start":{"line":391,"column":25},"end":{"line":391,"column":26}},"loc":{"start":{"line":391,"column":43},"end":{"line":394,"column":1}},"line":391},"24":{"name":"(anonymous_24)","decl":{"start":{"line":397,"column":33},"end":{"line":397,"column":34}},"loc":{"start":{"line":397,"column":51},"end":{"line":399,"column":1}},"line":397},"25":{"name":"(anonymous_25)","decl":{"start":{"line":402,"column":40},"end":{"line":402,"column":41}},"loc":{"start":{"line":402,"column":46},"end":{"line":410,"column":1}},"line":402},"26":{"name":"(anonymous_26)","decl":{"start":{"line":405,"column":13},"end":{"line":405,"column":14}},"loc":{"start":{"line":405,"column":19},"end":{"line":405,"column":23}},"line":405},"27":{"name":"(anonymous_27)","decl":{"start":{"line":406,"column":15},"end":{"line":406,"column":16}},"loc":{"start":{"line":406,"column":21},"end":{"line":406,"column":25}},"line":406},"28":{"name":"(anonymous_28)","decl":{"start":{"line":407,"column":16},"end":{"line":407,"column":17}},"loc":{"start":{"line":407,"column":22},"end":{"line":407,"column":26}},"line":407},"29":{"name":"(anonymous_29)","decl":{"start":{"line":413,"column":34},"end":{"line":413,"column":35}},"loc":{"start":{"line":413,"column":40},"end":{"line":421,"column":1}},"line":413},"30":{"name":"(anonymous_30)","decl":{"start":{"line":416,"column":13},"end":{"line":416,"column":14}},"loc":{"start":{"line":416,"column":19},"end":{"line":416,"column":23}},"line":416},"31":{"name":"(anonymous_31)","decl":{"start":{"line":417,"column":15},"end":{"line":417,"column":16}},"loc":{"start":{"line":417,"column":21},"end":{"line":417,"column":25}},"line":417},"32":{"name":"(anonymous_32)","decl":{"start":{"line":418,"column":16},"end":{"line":418,"column":17}},"loc":{"start":{"line":418,"column":22},"end":{"line":418,"column":26}},"line":418},"33":{"name":"(anonymous_33)","decl":{"start":{"line":424,"column":30},"end":{"line":424,"column":31}},"loc":{"start":{"line":424,"column":36},"end":{"line":438,"column":1}},"line":424},"34":{"name":"(anonymous_34)","decl":{"start":{"line":427,"column":40},"end":{"line":427,"column":41}},"loc":{"start":{"line":427,"column":50},"end":{"line":436,"column":5}},"line":427},"35":{"name":"(anonymous_35)","decl":{"start":{"line":441,"column":10},"end":{"line":441,"column":11}},"loc":{"start":{"line":441,"column":16},"end":{"line":445,"column":1}},"line":441},"36":{"name":"(anonymous_36)","decl":{"start":{"line":448,"column":10},"end":{"line":448,"column":11}},"loc":{"start":{"line":448,"column":16},"end":{"line":451,"column":1}},"line":448}},"branchMap":{"0":{"loc":{"start":{"line":67,"column":2},"end":{"line":71,"column":8}},"type":"default-arg","locations":[{"start":{"line":71,"column":6},"end":{"line":71,"column":8}}],"line":67},"1":{"loc":{"start":{"line":68,"column":4},"end":{"line":68,"column":23}},"type":"default-arg","locations":[{"start":{"line":68,"column":21},"end":{"line":68,"column":23}}],"line":68},"2":{"loc":{"start":{"line":69,"column":4},"end":{"line":69,"column":14}},"type":"default-arg","locations":[{"start":{"line":69,"column":12},"end":{"line":69,"column":14}}],"line":69},"3":{"loc":{"start":{"line":325,"column":52},"end":{"line":325,"column":79}},"type":"default-arg","locations":[{"start":{"line":325,"column":68},"end":{"line":325,"column":79}}],"line":325},"4":{"loc":{"start":{"line":378,"column":16},"end":{"line":378,"column":80}},"type":"binary-expr","locations":[{"start":{"line":378,"column":16},"end":{"line":378,"column":43}},{"start":{"line":378,"column":47},"end":{"line":378,"column":80}}],"line":378}},"s":{"0":3,"1":3,"2":3,"3":0,"4":3,"5":0,"6":3,"7":0,"8":3,"9":0,"10":0,"11":0,"12":0,"13":3,"14":3,"15":3,"16":3,"17":3,"18":3,"19":3,"20":3,"21":3,"22":0,"23":3,"24":8,"25":3,"26":0,"27":0,"28":3,"29":0,"30":0,"31":3,"32":0,"33":0,"34":3,"35":0,"36":0,"37":3,"38":0,"39":3,"40":0,"41":3,"42":0,"43":3,"44":0,"45":3,"46":0,"47":0,"48":3,"49":0,"50":3,"51":0,"52":0,"53":3,"54":0,"55":0,"56":3,"57":0,"58":3,"59":6,"60":6,"61":0,"62":0,"63":0,"64":6,"65":3,"66":6,"67":6,"68":0,"69":0,"70":0,"71":6,"72":3,"73":6,"74":0,"75":3,"76":3,"77":3,"78":3,"79":3,"80":77,"81":77},"f":{"0":3,"1":0,"2":0,"3":0,"4":0,"5":0,"6":0,"7":8,"8":0,"9":0,"10":0,"11":0,"12":0,"13":0,"14":0,"15":0,"16":0,"17":0,"18":0,"19":0,"20":0,"21":0,"22":0,"23":0,"24":0,"25":6,"26":0,"27":0,"28":0,"29":6,"30":0,"31":0,"32":0,"33":6,"34":0,"35":3,"36":77},"b":{"0":[0],"1":[0],"2":[0],"3":[8],"4":[0,0]},"_coverageSchema":"1a1c01bbd47fc00a2c39e90264f33305004495a9","hash":"b622e0bbeca866888837225904ef7d46d9198df4"}
}
