TN:
SF:src/App.tsx
FN:47,App
FN:50,(anonymous_1)
FNF:2
FNH:0
FNDA:0,App
FNDA:0,(anonymous_1)
DA:37,0
DA:48,0
DA:50,0
DA:51,0
DA:54,0
DA:55,0
DA:62,0
LF:7
LH:0
BRDA:54,0,0,0
BRDA:54,0,1,0
BRDA:72,1,0,0
BRDA:72,1,1,0
BRDA:78,2,0,0
BRDA:78,2,1,0
BRF:6
BRH:0
end_of_record
TN:
SF:src/index.tsx
FNF:0
FNH:0
DA:5,0
DA:9,0
LF:2
LH:0
BRF:0
BRH:0
end_of_record
TN:
SF:src/components/Auth/ProtectedRoute.tsx
FN:10,(anonymous_0)
FNF:1
FNH:0
FNDA:0,(anonymous_0)
DA:10,0
DA:11,0
DA:12,0
DA:14,0
DA:15,0
DA:22,0
DA:24,0
DA:27,0
LF:8
LH:0
BRDA:14,0,0,0
BRDA:14,0,1,0
BRDA:22,1,0,0
BRDA:22,1,1,0
BRF:4
BRH:0
end_of_record
TN:
SF:src/components/Layout/Layout.tsx
FN:26,(anonymous_0)
FN:49,(anonymous_1)
FN:67,(anonymous_2)
FN:69,(anonymous_3)
FN:70,(anonymous_4)
FN:77,(anonymous_5)
FN:80,(anonymous_6)
FN:85,(anonymous_7)
FN:90,(anonymous_8)
FN:95,(anonymous_9)
FN:105,(anonymous_10)
FN:115,(anonymous_11)
FN:138,(anonymous_12)
FN:164,(anonymous_13)
FN:169,(anonymous_14)
FN:192,(anonymous_15)
FN:199,(anonymous_16)
FN:224,(anonymous_17)
FN:230,(anonymous_18)
FN:237,(anonymous_19)
FNF:20
FNH:0
FNDA:0,(anonymous_0)
FNDA:0,(anonymous_1)
FNDA:0,(anonymous_2)
FNDA:0,(anonymous_3)
FNDA:0,(anonymous_4)
FNDA:0,(anonymous_5)
FNDA:0,(anonymous_6)
FNDA:0,(anonymous_7)
FNDA:0,(anonymous_8)
FNDA:0,(anonymous_9)
FNDA:0,(anonymous_10)
FNDA:0,(anonymous_11)
FNDA:0,(anonymous_12)
FNDA:0,(anonymous_13)
FNDA:0,(anonymous_14)
FNDA:0,(anonymous_15)
FNDA:0,(anonymous_16)
FNDA:0,(anonymous_17)
FNDA:0,(anonymous_18)
FNDA:0,(anonymous_19)
DA:26,0
DA:27,0
DA:28,0
DA:29,0
DA:30,0
DA:32,0
DA:33,0
DA:36,0
DA:49,0
DA:50,0
DA:53,0
DA:56,0
DA:63,0
DA:67,0
DA:69,0
DA:70,0
DA:71,0
DA:74,0
DA:75,0
DA:77,0
DA:80,0
DA:82,0
DA:85,0
DA:86,0
DA:87,0
DA:90,0
DA:91,0
DA:95,0
DA:96,0
DA:97,0
DA:98,0
DA:99,0
DA:101,0
DA:105,0
DA:106,0
DA:109,0
DA:115,0
DA:138,0
DA:165,0
DA:166,0
DA:170,0
DA:171,0
DA:192,0
DA:199,0
DA:224,0
DA:230,0
DA:237,0
LF:47
LH:0
BRDA:50,0,0,0
BRDA:50,0,1,0
BRDA:53,1,0,0
BRDA:53,1,1,0
BRDA:63,2,0,0
BRDA:63,2,1,0
BRDA:112,3,0,0
BRDA:112,3,1,0
BRDA:122,4,0,0
BRDA:122,4,1,0
BRDA:125,5,0,0
BRDA:125,5,1,0
BRDA:171,6,0,0
BRDA:171,6,1,0
BRDA:174,7,0,0
BRDA:174,7,1,0
BRDA:230,8,0,0
BRDA:230,8,1,0
BRDA:241,9,0,0
BRDA:241,9,1,0
BRDA:243,10,0,0
BRDA:243,10,1,0
BRF:22
BRH:0
end_of_record
TN:
SF:src/components/UI/LoadingSpinner.tsx
FN:10,(anonymous_0)
FNF:1
FNH:0
FNDA:0,(anonymous_0)
DA:10,0
DA:15,0
DA:21,0
LF:3
LH:0
BRDA:11,0,0,0
BRDA:12,1,0,0
BRDA:24,2,0,0
BRDA:24,2,1,0
BRF:4
BRH:0
end_of_record
TN:
SF:src/pages/AILessonDetail/AILessonDetailPage.tsx
FN:4,(anonymous_0)
FNF:1
FNH:0
FNDA:0,(anonymous_0)
DA:4,0
DA:5,0
LF:2
LH:0
BRF:0
BRH:0
end_of_record
TN:
SF:src/pages/AILessons/AILessonsPage.tsx
FN:4,(anonymous_0)
FNF:1
FNH:0
FNDA:0,(anonymous_0)
DA:4,0
DA:5,0
LF:2
LH:0
BRF:0
BRH:0
end_of_record
TN:
SF:src/pages/Analytics/AnalyticsPage.tsx
FN:4,(anonymous_0)
FNF:1
FNH:0
FNDA:0,(anonymous_0)
DA:4,0
DA:5,0
LF:2
LH:0
BRF:0
BRH:0
end_of_record
TN:
SF:src/pages/Auth/LoginPage.tsx
FN:16,(anonymous_0)
FN:32,(anonymous_1)
FN:160,(anonymous_2)
FN:205,(anonymous_3)
FNF:4
FNH:0
FNDA:0,(anonymous_0)
FNDA:0,(anonymous_1)
FNDA:0,(anonymous_2)
FNDA:0,(anonymous_3)
DA:16,0
DA:17,0
DA:18,0
DA:19,0
DA:20,0
DA:22,0
DA:28,0
DA:30,0
DA:32,0
DA:33,0
DA:34,0
DA:36,0
DA:37,0
DA:38,0
DA:39,0
DA:41,0
DA:43,0
DA:47,0
DA:160,0
DA:205,0
LF:20
LH:0
BRDA:30,0,0,0
BRDA:30,0,1,0
BRDA:41,1,0,0
BRDA:41,1,1,0
BRDA:109,2,0,0
BRDA:109,2,1,0
BRDA:134,3,0,0
BRDA:134,3,1,0
BRDA:154,4,0,0
BRDA:154,4,1,0
BRDA:163,5,0,0
BRDA:163,5,1,0
BRDA:166,6,0,0
BRDA:166,6,1,0
BRDA:173,7,0,0
BRDA:173,7,1,0
BRDA:191,8,0,0
BRDA:191,8,1,0
BRF:18
BRH:0
end_of_record
TN:
SF:src/pages/Auth/RegisterPage.tsx
FN:4,(anonymous_0)
FNF:1
FNH:0
FNDA:0,(anonymous_0)
DA:4,0
DA:5,0
LF:2
LH:0
BRF:0
BRH:0
end_of_record
TN:
SF:src/pages/Chat/ChatPage.tsx
FN:4,(anonymous_0)
FNF:1
FNH:0
FNDA:0,(anonymous_0)
DA:4,0
DA:5,0
LF:2
LH:0
BRF:0
BRH:0
end_of_record
TN:
SF:src/pages/Dashboard/DashboardPage.tsx
FN:4,(anonymous_0)
FNF:1
FNH:0
FNDA:0,(anonymous_0)
DA:4,0
DA:5,0
LF:2
LH:0
BRF:0
BRH:0
end_of_record
TN:
SF:src/pages/Families/FamiliesPage.tsx
FN:4,(anonymous_0)
FNF:1
FNH:0
FNDA:0,(anonymous_0)
DA:4,0
DA:5,0
LF:2
LH:0
BRF:0
BRH:0
end_of_record
TN:
SF:src/pages/Lessons/LessonsPage.tsx
FN:4,(anonymous_0)
FNF:1
FNH:0
FNDA:0,(anonymous_0)
DA:4,0
DA:5,0
LF:2
LH:0
BRF:0
BRH:0
end_of_record
TN:
SF:src/pages/Monitoring/MonitoringPage.tsx
FN:4,(anonymous_0)
FNF:1
FNH:0
FNDA:0,(anonymous_0)
DA:4,0
DA:5,0
LF:2
LH:0
BRF:0
BRH:0
end_of_record
TN:
SF:src/pages/NotFound/NotFoundPage.tsx
FN:4,(anonymous_0)
FNF:1
FNH:0
FNDA:0,(anonymous_0)
DA:4,0
DA:5,0
LF:2
LH:0
BRF:0
BRH:0
end_of_record
TN:
SF:src/pages/Profile/ProfilePage.tsx
FN:4,(anonymous_0)
FNF:1
FNH:0
FNDA:0,(anonymous_0)
DA:4,0
DA:5,0
LF:2
LH:0
BRF:0
BRH:0
end_of_record
TN:
SF:src/pages/Settings/SettingsPage.tsx
FN:4,(anonymous_0)
FNF:1
FNH:0
FNDA:0,(anonymous_0)
DA:4,0
DA:5,0
LF:2
LH:0
BRF:0
BRH:0
end_of_record
TN:
SF:src/pages/Staff/StaffPage.tsx
FN:4,(anonymous_0)
FNF:1
FNH:0
FNDA:0,(anonymous_0)
DA:4,0
DA:5,0
LF:2
LH:0
BRF:0
BRH:0
end_of_record
TN:
SF:src/pages/StudentDetail/StudentDetailPage.tsx
FN:4,(anonymous_0)
FNF:1
FNH:0
FNDA:0,(anonymous_0)
DA:4,0
DA:5,0
LF:2
LH:0
BRF:0
BRH:0
end_of_record
TN:
SF:src/pages/Students/StudentsPage.tsx
FN:4,(anonymous_0)
FNF:1
FNH:0
FNDA:0,(anonymous_0)
DA:4,0
DA:5,0
LF:2
LH:0
BRF:0
BRH:0
end_of_record
TN:
SF:src/services/aiTeacherApi.ts
FN:12,(anonymous_0)
FN:22,(anonymous_1)
FN:26,(anonymous_2)
FN:30,(anonymous_3)
FN:34,(anonymous_4)
FN:39,(anonymous_5)
FN:44,(anonymous_6)
FN:49,(anonymous_7)
FN:53,(anonymous_8)
FN:57,(anonymous_9)
FN:61,(anonymous_10)
FN:66,(anonymous_11)
FN:70,(anonymous_12)
FN:75,(anonymous_13)
FN:81,(anonymous_14)
FN:86,(anonymous_15)
FN:90,(anonymous_16)
FN:95,(anonymous_17)
FN:99,(anonymous_18)
FN:105,(anonymous_19)
FN:109,(anonymous_20)
FN:113,(anonymous_21)
FN:117,(anonymous_22)
FN:122,(anonymous_23)
FN:126,(anonymous_24)
FNF:25
FNH:22
FNDA:3,(anonymous_0)
FNDA:1,(anonymous_1)
FNDA:2,(anonymous_2)
FNDA:1,(anonymous_3)
FNDA:1,(anonymous_4)
FNDA:1,(anonymous_5)
FNDA:2,(anonymous_6)
FNDA:1,(anonymous_7)
FNDA:1,(anonymous_8)
FNDA:0,(anonymous_9)
FNDA:0,(anonymous_10)
FNDA:1,(anonymous_11)
FNDA:1,(anonymous_12)
FNDA:2,(anonymous_13)
FNDA:1,(anonymous_14)
FNDA:1,(anonymous_15)
FNDA:1,(anonymous_16)
FNDA:1,(anonymous_17)
FNDA:1,(anonymous_18)
FNDA:1,(anonymous_19)
FNDA:0,(anonymous_20)
FNDA:1,(anonymous_21)
FNDA:1,(anonymous_22)
FNDA:1,(anonymous_23)
FNDA:1,(anonymous_24)
DA:19,3
DA:23,1
DA:27,2
DA:31,1
DA:35,1
DA:40,1
DA:45,2
DA:46,2
DA:50,1
DA:54,1
DA:58,0
DA:62,0
DA:67,1
DA:71,1
DA:76,2
DA:77,2
DA:78,2
DA:82,1
DA:87,1
DA:91,1
DA:96,1
DA:100,1
DA:101,1
DA:106,1
DA:110,0
DA:114,1
DA:118,1
DA:123,1
DA:127,1
LF:29
LH:26
BRDA:45,0,0,1
BRDA:45,0,1,1
BRDA:100,1,0,1
BRDA:100,1,1,0
BRF:4
BRH:3
end_of_record
TN:
SF:src/services/analyticsApi.ts
FN:11,(anonymous_0)
FN:21,(anonymous_1)
FN:25,(anonymous_2)
FN:29,(anonymous_3)
FN:33,(anonymous_4)
FN:38,(anonymous_5)
FN:48,(anonymous_6)
FN:52,(anonymous_7)
FN:56,(anonymous_8)
FN:60,(anonymous_9)
FN:65,(anonymous_10)
FN:70,(anonymous_11)
FN:75,(anonymous_12)
FN:79,(anonymous_13)
FN:83,(anonymous_14)
FN:87,(anonymous_15)
FN:91,(anonymous_16)
FN:96,(anonymous_17)
FN:100,(anonymous_18)
FN:104,(anonymous_19)
FN:108,(anonymous_20)
FN:112,(anonymous_21)
FN:117,(anonymous_22)
FN:122,(anonymous_23)
FN:127,(anonymous_24)
FN:135,(anonymous_25)
FN:142,(anonymous_26)
FN:147,(anonymous_27)
FN:152,(anonymous_28)
FN:156,(anonymous_29)
FN:161,(anonymous_30)
FN:165,(anonymous_31)
FN:170,(anonymous_32)
FN:180,(anonymous_33)
FNF:34
FNH:24
FNDA:3,(anonymous_0)
FNDA:1,(anonymous_1)
FNDA:2,(anonymous_2)
FNDA:1,(anonymous_3)
FNDA:1,(anonymous_4)
FNDA:1,(anonymous_5)
FNDA:0,(anonymous_6)
FNDA:1,(anonymous_7)
FNDA:0,(anonymous_8)
FNDA:0,(anonymous_9)
FNDA:2,(anonymous_10)
FNDA:0,(anonymous_11)
FNDA:1,(anonymous_12)
FNDA:0,(anonymous_13)
FNDA:1,(anonymous_14)
FNDA:0,(anonymous_15)
FNDA:0,(anonymous_16)
FNDA:1,(anonymous_17)
FNDA:0,(anonymous_18)
FNDA:1,(anonymous_19)
FNDA:0,(anonymous_20)
FNDA:0,(anonymous_21)
FNDA:1,(anonymous_22)
FNDA:1,(anonymous_23)
FNDA:2,(anonymous_24)
FNDA:1,(anonymous_25)
FNDA:2,(anonymous_26)
FNDA:1,(anonymous_27)
FNDA:1,(anonymous_28)
FNDA:1,(anonymous_29)
FNDA:1,(anonymous_30)
FNDA:1,(anonymous_31)
FNDA:1,(anonymous_32)
FNDA:1,(anonymous_33)
DA:18,3
DA:22,1
DA:26,2
DA:30,1
DA:34,1
DA:45,1
DA:49,0
DA:53,1
DA:57,0
DA:61,0
DA:66,2
DA:67,2
DA:71,0
DA:76,1
DA:80,0
DA:84,1
DA:88,0
DA:92,0
DA:97,1
DA:101,0
DA:105,1
DA:109,0
DA:113,0
DA:118,1
DA:123,1
DA:128,2
DA:136,1
DA:143,2
DA:144,2
DA:148,1
DA:153,1
DA:157,1
DA:162,1
DA:166,1
DA:176,1
DA:185,1
LF:36
LH:26
BRDA:66,0,0,1
BRDA:66,0,1,1
BRDA:143,1,0,1
BRDA:143,1,1,1
BRF:4
BRH:4
end_of_record
TN:
SF:src/services/api.ts
FN:35,(anonymous_0)
FN:40,(anonymous_1)
FN:43,(anonymous_2)
FN:50,(anonymous_3)
FN:57,(anonymous_4)
FN:58,(anonymous_5)
FN:79,(anonymous_6)
FN:83,(anonymous_7)
FN:87,(anonymous_8)
FN:92,(anonymous_9)
FN:97,(anonymous_10)
FN:106,(anonymous_11)
FN:111,(anonymous_12)
FN:136,(anonymous_13)
FN:142,(anonymous_14)
FN:146,(anonymous_15)
FN:155,(anonymous_16)
FN:159,(anonymous_17)
FN:164,(anonymous_18)
FN:186,(anonymous_19)
FN:196,(anonymous_20)
FN:206,(anonymous_21)
FN:216,(anonymous_22)
FN:227,(anonymous_23)
FN:240,(anonymous_24)
FN:257,(anonymous_25)
FN:295,(anonymous_26)
FN:310,(anonymous_27)
FN:325,(anonymous_28)
FN:336,(anonymous_29)
FN:345,(anonymous_30)
FN:350,(anonymous_31)
FN:362,(anonymous_32)
FNF:33
FNH:0
FNDA:0,(anonymous_0)
FNDA:0,(anonymous_1)
FNDA:0,(anonymous_2)
FNDA:0,(anonymous_3)
FNDA:0,(anonymous_4)
FNDA:0,(anonymous_5)
FNDA:0,(anonymous_6)
FNDA:0,(anonymous_7)
FNDA:0,(anonymous_8)
FNDA:0,(anonymous_9)
FNDA:0,(anonymous_10)
FNDA:0,(anonymous_11)
FNDA:0,(anonymous_12)
FNDA:0,(anonymous_13)
FNDA:0,(anonymous_14)
FNDA:0,(anonymous_15)
FNDA:0,(anonymous_16)
FNDA:0,(anonymous_17)
FNDA:0,(anonymous_18)
FNDA:0,(anonymous_19)
FNDA:0,(anonymous_20)
FNDA:0,(anonymous_21)
FNDA:0,(anonymous_22)
FNDA:0,(anonymous_23)
FNDA:0,(anonymous_24)
FNDA:0,(anonymous_25)
FNDA:0,(anonymous_26)
FNDA:0,(anonymous_27)
FNDA:0,(anonymous_28)
FNDA:0,(anonymous_29)
FNDA:0,(anonymous_30)
FNDA:0,(anonymous_31)
FNDA:0,(anonymous_32)
DA:19,0
DA:28,0
DA:29,0
DA:33,0
DA:36,0
DA:37,0
DA:42,0
DA:44,0
DA:45,0
DA:46,0
DA:48,0
DA:51,0
DA:56,0
DA:57,0
DA:59,0
DA:61,0
DA:62,0
DA:64,0
DA:65,0
DA:66,0
DA:67,0
DA:69,0
DA:70,0
DA:74,0
DA:80,0
DA:84,0
DA:88,0
DA:89,0
DA:93,0
DA:94,0
DA:98,0
DA:99,0
DA:100,0
DA:102,0
DA:107,0
DA:108,0
DA:111,0
DA:112,0
DA:113,0
DA:114,0
DA:115,0
DA:118,0
DA:122,0
DA:123,0
DA:124,0
DA:126,0
DA:127,0
DA:129,0
DA:133,0
DA:137,0
DA:138,0
DA:143,0
DA:147,0
DA:148,0
DA:149,0
DA:151,0
DA:152,0
DA:156,0
DA:160,0
DA:165,0
DA:167,0
DA:168,0
DA:169,0
DA:172,0
DA:173,0
DA:175,0
DA:176,0
DA:179,0
DA:181,0
DA:182,0
DA:187,0
DA:188,0
DA:189,0
DA:191,0
DA:192,0
DA:197,0
DA:198,0
DA:199,0
DA:201,0
DA:202,0
DA:207,0
DA:208,0
DA:209,0
DA:211,0
DA:212,0
DA:217,0
DA:218,0
DA:219,0
DA:221,0
DA:222,0
DA:232,0
DA:233,0
DA:235,0
DA:236,0
DA:241,0
DA:242,0
DA:245,0
DA:249,0
DA:251,0
DA:252,0
DA:258,0
DA:260,0
DA:261,0
DA:263,0
DA:265,0
DA:266,0
DA:268,0
DA:269,0
DA:271,0
DA:272,0
DA:274,0
DA:275,0
DA:277,0
DA:278,0
DA:280,0
DA:281,0
DA:283,0
DA:285,0
DA:286,0
DA:288,0
DA:291,0
DA:296,0
DA:297,0
DA:303,0
DA:304,0
DA:306,0
DA:311,0
DA:312,0
DA:318,0
DA:319,0
DA:321,0
DA:326,0
DA:327,0
DA:329,0
DA:331,0
DA:332,0
DA:337,0
DA:338,0
DA:340,0
DA:346,0
DA:347,0
DA:351,0
DA:352,0
DA:354,0
DA:355,0
DA:357,0
DA:363,0
DA:364,0
DA:365,0
DA:366,0
DA:370,0
DA:376,0
LF:152
LH:0
BRDA:20,0,0,0
BRDA:20,0,1,0
BRDA:45,1,0,0
BRDA:45,1,1,0
BRDA:61,2,0,0
BRDA:61,2,1,0
BRDA:61,3,0,0
BRDA:61,3,1,0
BRDA:107,4,0,0
BRDA:107,4,1,0
BRDA:114,5,0,0
BRDA:114,5,1,0
BRDA:143,6,0,0
BRDA:143,6,1,0
BRDA:148,7,0,0
BRDA:148,7,1,0
BRDA:148,8,0,0
BRDA:148,8,1,0
BRDA:164,9,0,0
BRDA:167,10,0,0
BRDA:167,10,1,0
BRDA:169,11,0,0
BRDA:169,11,1,0
BRDA:175,12,0,0
BRDA:175,12,1,0
BRDA:241,13,0,0
BRDA:241,13,1,0
BRDA:241,14,0,0
BRDA:241,14,1,0
BRDA:260,15,0,0
BRDA:260,15,1,0
BRDA:263,16,0,0
BRDA:263,16,1,0
BRDA:263,16,2,0
BRDA:263,16,3,0
BRDA:263,16,4,0
BRDA:263,16,5,0
BRDA:263,16,6,0
BRDA:265,17,0,0
BRDA:265,17,1,0
BRDA:277,18,0,0
BRDA:277,18,1,0
BRDA:283,19,0,0
BRDA:283,19,1,0
BRDA:285,20,0,0
BRDA:285,20,1,0
BRDA:288,21,0,0
BRDA:288,21,1,0
BRDA:347,22,0,0
BRDA:347,22,1,0
BRDA:352,23,0,0
BRDA:352,23,1,0
BRDA:363,24,0,0
BRDA:363,24,1,0
BRDA:365,25,0,0
BRDA:365,25,1,0
BRF:56
BRH:0
end_of_record
TN:
SF:src/services/familiesApi.ts
FN:12,(anonymous_0)
FN:20,(anonymous_1)
FN:24,(anonymous_2)
FN:28,(anonymous_3)
FN:32,(anonymous_4)
FN:37,(anonymous_5)
FN:41,(anonymous_6)
FN:45,(anonymous_7)
FN:49,(anonymous_8)
FN:53,(anonymous_9)
FN:58,(anonymous_10)
FN:62,(anonymous_11)
FN:66,(anonymous_12)
FN:70,(anonymous_13)
FN:74,(anonymous_14)
FN:79,(anonymous_15)
FN:84,(anonymous_16)
FNF:17
FNH:0
FNDA:0,(anonymous_0)
FNDA:0,(anonymous_1)
FNDA:0,(anonymous_2)
FNDA:0,(anonymous_3)
FNDA:0,(anonymous_4)
FNDA:0,(anonymous_5)
FNDA:0,(anonymous_6)
FNDA:0,(anonymous_7)
FNDA:0,(anonymous_8)
FNDA:0,(anonymous_9)
FNDA:0,(anonymous_10)
FNDA:0,(anonymous_11)
FNDA:0,(anonymous_12)
FNDA:0,(anonymous_13)
FNDA:0,(anonymous_14)
FNDA:0,(anonymous_15)
FNDA:0,(anonymous_16)
DA:17,0
DA:21,0
DA:25,0
DA:29,0
DA:33,0
DA:38,0
DA:42,0
DA:46,0
DA:50,0
DA:54,0
DA:59,0
DA:63,0
DA:67,0
DA:71,0
DA:75,0
DA:80,0
DA:85,0
LF:17
LH:0
BRF:0
BRH:0
end_of_record
TN:
SF:src/services/lessonsApi.ts
FN:12,(anonymous_0)
FN:22,(anonymous_1)
FN:26,(anonymous_2)
FN:30,(anonymous_3)
FN:34,(anonymous_4)
FN:39,(anonymous_5)
FN:43,(anonymous_6)
FN:47,(anonymous_7)
FN:51,(anonymous_8)
FN:55,(anonymous_9)
FN:60,(anonymous_10)
FN:64,(anonymous_11)
FN:68,(anonymous_12)
FN:72,(anonymous_13)
FN:76,(anonymous_14)
FN:81,(anonymous_15)
FN:85,(anonymous_16)
FN:89,(anonymous_17)
FN:93,(anonymous_18)
FN:97,(anonymous_19)
FN:102,(anonymous_20)
FNF:21
FNH:0
FNDA:0,(anonymous_0)
FNDA:0,(anonymous_1)
FNDA:0,(anonymous_2)
FNDA:0,(anonymous_3)
FNDA:0,(anonymous_4)
FNDA:0,(anonymous_5)
FNDA:0,(anonymous_6)
FNDA:0,(anonymous_7)
FNDA:0,(anonymous_8)
FNDA:0,(anonymous_9)
FNDA:0,(anonymous_10)
FNDA:0,(anonymous_11)
FNDA:0,(anonymous_12)
FNDA:0,(anonymous_13)
FNDA:0,(anonymous_14)
FNDA:0,(anonymous_15)
FNDA:0,(anonymous_16)
FNDA:0,(anonymous_17)
FNDA:0,(anonymous_18)
FNDA:0,(anonymous_19)
FNDA:0,(anonymous_20)
DA:19,0
DA:23,0
DA:27,0
DA:31,0
DA:35,0
DA:40,0
DA:44,0
DA:48,0
DA:52,0
DA:56,0
DA:61,0
DA:65,0
DA:69,0
DA:73,0
DA:77,0
DA:82,0
DA:86,0
DA:90,0
DA:94,0
DA:98,0
DA:103,0
LF:21
LH:0
BRF:0
BRH:0
end_of_record
TN:
SF:src/services/monitoringApi.ts
FN:12,(anonymous_0)
FN:21,(anonymous_1)
FN:25,(anonymous_2)
FN:29,(anonymous_3)
FN:33,(anonymous_4)
FN:38,(anonymous_5)
FN:42,(anonymous_6)
FN:47,(anonymous_7)
FN:57,(anonymous_8)
FN:61,(anonymous_9)
FN:65,(anonymous_10)
FN:69,(anonymous_11)
FN:74,(anonymous_12)
FN:78,(anonymous_13)
FN:83,(anonymous_14)
FN:93,(anonymous_15)
FN:97,(anonymous_16)
FN:101,(anonymous_17)
FN:105,(anonymous_18)
FN:109,(anonymous_19)
FN:114,(anonymous_20)
FN:119,(anonymous_21)
FN:123,(anonymous_22)
FN:127,(anonymous_23)
FN:132,(anonymous_24)
FN:136,(anonymous_25)
FN:142,(anonymous_26)
FN:146,(anonymous_27)
FN:151,(anonymous_28)
FNF:29
FNH:0
FNDA:0,(anonymous_0)
FNDA:0,(anonymous_1)
FNDA:0,(anonymous_2)
FNDA:0,(anonymous_3)
FNDA:0,(anonymous_4)
FNDA:0,(anonymous_5)
FNDA:0,(anonymous_6)
FNDA:0,(anonymous_7)
FNDA:0,(anonymous_8)
FNDA:0,(anonymous_9)
FNDA:0,(anonymous_10)
FNDA:0,(anonymous_11)
FNDA:0,(anonymous_12)
FNDA:0,(anonymous_13)
FNDA:0,(anonymous_14)
FNDA:0,(anonymous_15)
FNDA:0,(anonymous_16)
FNDA:0,(anonymous_17)
FNDA:0,(anonymous_18)
FNDA:0,(anonymous_19)
FNDA:0,(anonymous_20)
FNDA:0,(anonymous_21)
FNDA:0,(anonymous_22)
FNDA:0,(anonymous_23)
FNDA:0,(anonymous_24)
FNDA:0,(anonymous_25)
FNDA:0,(anonymous_26)
FNDA:0,(anonymous_27)
FNDA:0,(anonymous_28)
DA:18,0
DA:22,0
DA:26,0
DA:30,0
DA:34,0
DA:39,0
DA:43,0
DA:54,0
DA:58,0
DA:62,0
DA:66,0
DA:70,0
DA:75,0
DA:79,0
DA:90,0
DA:94,0
DA:98,0
DA:102,0
DA:106,0
DA:110,0
DA:115,0
DA:120,0
DA:124,0
DA:128,0
DA:133,0
DA:137,0
DA:138,0
DA:143,0
DA:147,0
DA:152,0
DA:153,0
LF:31
LH:0
BRDA:137,0,0,0
BRDA:137,0,1,0
BRDA:152,1,0,0
BRDA:152,1,1,0
BRF:4
BRH:0
end_of_record
TN:
SF:src/services/staffApi.ts
FN:11,(anonymous_0)
FN:21,(anonymous_1)
FN:25,(anonymous_2)
FN:29,(anonymous_3)
FN:33,(anonymous_4)
FN:38,(anonymous_5)
FN:42,(anonymous_6)
FN:46,(anonymous_7)
FN:50,(anonymous_8)
FN:54,(anonymous_9)
FN:59,(anonymous_10)
FN:64,(anonymous_11)
FNF:12
FNH:0
FNDA:0,(anonymous_0)
FNDA:0,(anonymous_1)
FNDA:0,(anonymous_2)
FNDA:0,(anonymous_3)
FNDA:0,(anonymous_4)
FNDA:0,(anonymous_5)
FNDA:0,(anonymous_6)
FNDA:0,(anonymous_7)
FNDA:0,(anonymous_8)
FNDA:0,(anonymous_9)
FNDA:0,(anonymous_10)
FNDA:0,(anonymous_11)
DA:18,0
DA:22,0
DA:26,0
DA:30,0
DA:34,0
DA:39,0
DA:43,0
DA:47,0
DA:51,0
DA:55,0
DA:60,0
DA:65,0
LF:12
LH:0
BRF:0
BRH:0
end_of_record
TN:
SF:src/services/studentsApi.ts
FN:14,(anonymous_0)
FN:25,(anonymous_1)
FN:30,(anonymous_2)
FN:35,(anonymous_3)
FN:40,(anonymous_4)
FN:45,(anonymous_5)
FN:50,(anonymous_6)
FN:55,(anonymous_7)
FN:59,(anonymous_8)
FN:63,(anonymous_9)
FN:67,(anonymous_10)
FN:72,(anonymous_11)
FN:76,(anonymous_12)
FN:80,(anonymous_13)
FN:84,(anonymous_14)
FN:89,(anonymous_15)
FN:93,(anonymous_16)
FN:97,(anonymous_17)
FN:101,(anonymous_18)
FN:106,(anonymous_19)
FN:110,(anonymous_20)
FN:114,(anonymous_21)
FN:118,(anonymous_22)
FNF:23
FNH:17
FNDA:3,(anonymous_0)
FNDA:1,(anonymous_1)
FNDA:2,(anonymous_2)
FNDA:1,(anonymous_3)
FNDA:1,(anonymous_4)
FNDA:1,(anonymous_5)
FNDA:1,(anonymous_6)
FNDA:1,(anonymous_7)
FNDA:1,(anonymous_8)
FNDA:1,(anonymous_9)
FNDA:1,(anonymous_10)
FNDA:1,(anonymous_11)
FNDA:1,(anonymous_12)
FNDA:0,(anonymous_13)
FNDA:0,(anonymous_14)
FNDA:1,(anonymous_15)
FNDA:1,(anonymous_16)
FNDA:0,(anonymous_17)
FNDA:0,(anonymous_18)
FNDA:1,(anonymous_19)
FNDA:1,(anonymous_20)
FNDA:0,(anonymous_21)
FNDA:0,(anonymous_22)
DA:21,3
DA:26,1
DA:31,2
DA:36,1
DA:41,1
DA:46,1
DA:51,1
DA:56,1
DA:60,1
DA:64,1
DA:68,1
DA:73,1
DA:77,1
DA:81,0
DA:85,0
DA:90,1
DA:94,1
DA:98,0
DA:102,0
DA:107,1
DA:111,1
DA:115,0
DA:119,0
LF:23
LH:17
BRF:0
BRH:0
end_of_record
TN:
SF:src/services/websocket.ts
FN:36,(anonymous_0)
FN:40,(anonymous_1)
FN:42,(anonymous_2)
FN:48,(anonymous_3)
FN:56,(anonymous_4)
FN:61,(anonymous_5)
FN:66,(anonymous_6)
FN:72,(anonymous_7)
FN:73,(anonymous_8)
FN:104,(anonymous_9)
FN:109,(anonymous_10)
FN:118,(anonymous_11)
FN:125,(anonymous_12)
FN:127,(anonymous_13)
FN:133,(anonymous_14)
FN:142,(anonymous_15)
FN:149,(anonymous_16)
FN:157,(anonymous_17)
FN:166,(anonymous_18)
FN:170,(anonymous_19)
FN:174,(anonymous_20)
FN:184,(anonymous_21)
FN:188,(anonymous_22)
FN:192,(anonymous_23)
FN:196,(anonymous_24)
FN:200,(anonymous_25)
FN:204,(anonymous_26)
FN:208,(anonymous_27)
FN:212,(anonymous_28)
FN:217,(anonymous_29)
FN:221,(anonymous_30)
FN:225,(anonymous_31)
FN:233,(anonymous_32)
FN:240,(anonymous_33)
FN:247,(anonymous_34)
FN:251,(anonymous_35)
FN:257,(anonymous_36)
FN:261,(anonymous_37)
FN:265,(anonymous_38)
FN:269,(anonymous_39)
FN:273,(anonymous_40)
FN:277,(anonymous_41)
FN:281,(anonymous_42)
FN:285,(anonymous_43)
FN:290,(anonymous_44)
FN:291,(anonymous_45)
FN:298,(anonymous_46)
FN:304,(anonymous_47)
FN:305,(anonymous_48)
FN:312,(anonymous_49)
FN:319,(anonymous_50)
FN:324,(anonymous_51)
FN:328,(anonymous_52)
FN:332,(anonymous_53)
FN:336,(anonymous_54)
FN:341,(anonymous_55)
FN:343,(anonymous_56)
FN:355,(anonymous_57)
FN:360,(anonymous_58)
FN:365,(anonymous_59)
FNF:60
FNH:0
FNDA:0,(anonymous_0)
FNDA:0,(anonymous_1)
FNDA:0,(anonymous_2)
FNDA:0,(anonymous_3)
FNDA:0,(anonymous_4)
FNDA:0,(anonymous_5)
FNDA:0,(anonymous_6)
FNDA:0,(anonymous_7)
FNDA:0,(anonymous_8)
FNDA:0,(anonymous_9)
FNDA:0,(anonymous_10)
FNDA:0,(anonymous_11)
FNDA:0,(anonymous_12)
FNDA:0,(anonymous_13)
FNDA:0,(anonymous_14)
FNDA:0,(anonymous_15)
FNDA:0,(anonymous_16)
FNDA:0,(anonymous_17)
FNDA:0,(anonymous_18)
FNDA:0,(anonymous_19)
FNDA:0,(anonymous_20)
FNDA:0,(anonymous_21)
FNDA:0,(anonymous_22)
FNDA:0,(anonymous_23)
FNDA:0,(anonymous_24)
FNDA:0,(anonymous_25)
FNDA:0,(anonymous_26)
FNDA:0,(anonymous_27)
FNDA:0,(anonymous_28)
FNDA:0,(anonymous_29)
FNDA:0,(anonymous_30)
FNDA:0,(anonymous_31)
FNDA:0,(anonymous_32)
FNDA:0,(anonymous_33)
FNDA:0,(anonymous_34)
FNDA:0,(anonymous_35)
FNDA:0,(anonymous_36)
FNDA:0,(anonymous_37)
FNDA:0,(anonymous_38)
FNDA:0,(anonymous_39)
FNDA:0,(anonymous_40)
FNDA:0,(anonymous_41)
FNDA:0,(anonymous_42)
FNDA:0,(anonymous_43)
FNDA:0,(anonymous_44)
FNDA:0,(anonymous_45)
FNDA:0,(anonymous_46)
FNDA:0,(anonymous_47)
FNDA:0,(anonymous_48)
FNDA:0,(anonymous_49)
FNDA:0,(anonymous_50)
FNDA:0,(anonymous_51)
FNDA:0,(anonymous_52)
FNDA:0,(anonymous_53)
FNDA:0,(anonymous_54)
FNDA:0,(anonymous_55)
FNDA:0,(anonymous_56)
FNDA:0,(anonymous_57)
FNDA:0,(anonymous_58)
FNDA:0,(anonymous_59)
DA:30,0
DA:31,0
DA:32,0
DA:33,0
DA:34,0
DA:37,0
DA:42,0
DA:43,0
DA:44,0
DA:45,0
DA:48,0
DA:49,0
DA:50,0
DA:52,0
DA:56,0
DA:57,0
DA:58,0
DA:61,0
DA:62,0
DA:63,0
DA:66,0
DA:67,0
DA:68,0
DA:73,0
DA:74,0
DA:75,0
DA:76,0
DA:79,0
DA:80,0
DA:81,0
DA:84,0
DA:86,0
DA:97,0
DA:104,0
DA:105,0
DA:106,0
DA:109,0
DA:110,0
DA:111,0
DA:114,0
DA:119,0
DA:120,0
DA:121,0
DA:126,0
DA:127,0
DA:128,0
DA:134,0
DA:135,0
DA:137,0
DA:143,0
DA:144,0
DA:145,0
DA:150,0
DA:151,0
DA:152,0
DA:153,0
DA:158,0
DA:159,0
DA:161,0
DA:167,0
DA:171,0
DA:175,0
DA:185,0
DA:189,0
DA:193,0
DA:197,0
DA:201,0
DA:205,0
DA:209,0
DA:213,0
DA:218,0
DA:222,0
DA:226,0
DA:234,0
DA:241,0
DA:248,0
DA:252,0
DA:253,0
DA:258,0
DA:262,0
DA:266,0
DA:270,0
DA:274,0
DA:278,0
DA:282,0
DA:286,0
DA:291,0
DA:292,0
DA:293,0
DA:294,0
DA:297,0
DA:298,0
DA:299,0
DA:305,0
DA:306,0
DA:307,0
DA:308,0
DA:311,0
DA:312,0
DA:313,0
DA:320,0
DA:325,0
DA:329,0
DA:333,0
DA:337,0
DA:342,0
DA:343,0
DA:344,0
DA:352,0
DA:356,0
DA:361,0
DA:366,0
DA:367,0
DA:372,0
LF:114
LH:0
BRDA:50,0,0,0
BRDA:50,0,1,0
BRDA:74,1,0,0
BRDA:74,1,1,0
BRDA:79,2,0,0
BRDA:79,2,1,0
BRDA:87,3,0,0
BRDA:87,3,1,0
BRDA:100,4,0,0
BRDA:100,4,1,0
BRDA:119,5,0,0
BRDA:119,5,1,0
BRDA:126,6,0,0
BRDA:126,6,1,0
BRDA:134,7,0,0
BRDA:134,7,1,0
BRDA:144,8,0,0
BRDA:144,8,1,0
BRDA:151,9,0,0
BRDA:151,9,1,0
BRDA:151,10,0,0
BRDA:151,10,1,0
BRDA:158,11,0,0
BRDA:158,11,1,0
BRDA:178,12,0,0
BRDA:178,12,1,0
BRDA:248,13,0,0
BRDA:248,13,1,0
BRDA:252,14,0,0
BRDA:252,14,1,0
BRDA:253,15,0,0
BRDA:253,15,1,0
BRDA:292,16,0,0
BRDA:292,16,1,0
BRDA:306,17,0,0
BRDA:306,17,1,0
BRF:36
BRH:0
end_of_record
TN:
SF:src/store/index.ts
FN:35,(anonymous_0)
FN:43,(anonymous_1)
FN:66,(anonymous_2)
FN:88,(anonymous_3)
FN:107,(anonymous_4)
FN:141,(anonymous_5)
FN:145,(anonymous_6)
FN:174,(anonymous_7)
FN:189,(anonymous_8)
FN:210,(anonymous_9)
FN:225,(anonymous_10)
FN:238,(anonymous_11)
FN:251,(anonymous_12)
FN:264,(anonymous_13)
FN:281,(anonymous_14)
FN:316,(anonymous_15)
FN:331,(anonymous_16)
FN:352,(anonymous_17)
FN:367,(anonymous_18)
FN:380,(anonymous_19)
FN:393,(anonymous_20)
FN:406,(anonymous_21)
FN:423,(anonymous_22)
FN:455,(anonymous_23)
FN:464,(anonymous_24)
FN:479,(anonymous_25)
FN:494,(anonymous_26)
FN:507,(anonymous_27)
FN:522,(anonymous_28)
FN:549,(anonymous_29)
FN:558,(anonymous_30)
FN:562,(anonymous_31)
FN:575,(anonymous_32)
FN:578,(anonymous_33)
FN:579,(anonymous_34)
FN:589,(anonymous_35)
FN:592,(anonymous_36)
FN:593,(anonymous_37)
FN:601,(anonymous_38)
FN:604,(anonymous_39)
FN:605,(anonymous_40)
FN:606,(anonymous_41)
FN:613,(anonymous_42)
FN:614,(anonymous_43)
FN:620,(anonymous_44)
FN:649,(anonymous_45)
FN:660,(anonymous_46)
FN:675,(anonymous_47)
FN:678,(anonymous_48)
FN:688,(anonymous_49)
FN:697,(anonymous_50)
FN:705,(anonymous_51)
FN:720,(anonymous_52)
FN:745,(anonymous_53)
FN:753,(anonymous_54)
FN:768,(anonymous_55)
FN:772,(anonymous_56)
FNF:57
FNH:0
FNDA:0,(anonymous_0)
FNDA:0,(anonymous_1)
FNDA:0,(anonymous_2)
FNDA:0,(anonymous_3)
FNDA:0,(anonymous_4)
FNDA:0,(anonymous_5)
FNDA:0,(anonymous_6)
FNDA:0,(anonymous_7)
FNDA:0,(anonymous_8)
FNDA:0,(anonymous_9)
FNDA:0,(anonymous_10)
FNDA:0,(anonymous_11)
FNDA:0,(anonymous_12)
FNDA:0,(anonymous_13)
FNDA:0,(anonymous_14)
FNDA:0,(anonymous_15)
FNDA:0,(anonymous_16)
FNDA:0,(anonymous_17)
FNDA:0,(anonymous_18)
FNDA:0,(anonymous_19)
FNDA:0,(anonymous_20)
FNDA:0,(anonymous_21)
FNDA:0,(anonymous_22)
FNDA:0,(anonymous_23)
FNDA:0,(anonymous_24)
FNDA:0,(anonymous_25)
FNDA:0,(anonymous_26)
FNDA:0,(anonymous_27)
FNDA:0,(anonymous_28)
FNDA:0,(anonymous_29)
FNDA:0,(anonymous_30)
FNDA:0,(anonymous_31)
FNDA:0,(anonymous_32)
FNDA:0,(anonymous_33)
FNDA:0,(anonymous_34)
FNDA:0,(anonymous_35)
FNDA:0,(anonymous_36)
FNDA:0,(anonymous_37)
FNDA:0,(anonymous_38)
FNDA:0,(anonymous_39)
FNDA:0,(anonymous_40)
FNDA:0,(anonymous_41)
FNDA:0,(anonymous_42)
FNDA:0,(anonymous_43)
FNDA:0,(anonymous_44)
FNDA:0,(anonymous_45)
FNDA:0,(anonymous_46)
FNDA:0,(anonymous_47)
FNDA:0,(anonymous_48)
FNDA:0,(anonymous_49)
FNDA:0,(anonymous_50)
FNDA:0,(anonymous_51)
FNDA:0,(anonymous_52)
FNDA:0,(anonymous_53)
FNDA:0,(anonymous_54)
FNDA:0,(anonymous_55)
FNDA:0,(anonymous_56)
DA:32,0
DA:35,0
DA:44,0
DA:45,0
DA:46,0
DA:47,0
DA:56,0
DA:58,0
DA:62,0
DA:67,0
DA:68,0
DA:69,0
DA:70,0
DA:78,0
DA:80,0
DA:84,0
DA:89,0
DA:90,0
DA:91,0
DA:93,0
DA:95,0
DA:96,0
DA:108,0
DA:109,0
DA:116,0
DA:119,0
DA:120,0
DA:121,0
DA:122,0
DA:128,0
DA:130,0
DA:141,0
DA:145,0
DA:172,0
DA:174,0
DA:190,0
DA:191,0
DA:192,0
DA:193,0
DA:204,0
DA:211,0
DA:212,0
DA:213,0
DA:214,0
DA:219,0
DA:226,0
DA:227,0
DA:228,0
DA:229,0
DA:230,0
DA:232,0
DA:239,0
DA:240,0
DA:241,0
DA:242,0
DA:243,0
DA:245,0
DA:252,0
DA:253,0
DA:254,0
DA:255,0
DA:256,0
DA:258,0
DA:265,0
DA:266,0
DA:267,0
DA:270,0
DA:275,0
DA:282,0
DA:314,0
DA:316,0
DA:332,0
DA:333,0
DA:334,0
DA:335,0
DA:346,0
DA:353,0
DA:354,0
DA:355,0
DA:356,0
DA:361,0
DA:368,0
DA:369,0
DA:370,0
DA:371,0
DA:372,0
DA:374,0
DA:381,0
DA:382,0
DA:383,0
DA:384,0
DA:385,0
DA:387,0
DA:394,0
DA:395,0
DA:396,0
DA:397,0
DA:398,0
DA:400,0
DA:407,0
DA:408,0
DA:409,0
DA:412,0
DA:417,0
DA:424,0
DA:453,0
DA:455,0
DA:465,0
DA:466,0
DA:467,0
DA:468,0
DA:473,0
DA:480,0
DA:481,0
DA:482,0
DA:483,0
DA:488,0
DA:495,0
DA:496,0
DA:497,0
DA:498,0
DA:499,0
DA:501,0
DA:508,0
DA:509,0
DA:510,0
DA:513,0
DA:514,0
DA:516,0
DA:523,0
DA:547,0
DA:549,0
DA:559,0
DA:560,0
DA:561,0
DA:562,0
DA:563,0
DA:569,0
DA:576,0
DA:577,0
DA:578,0
DA:580,0
DA:585,0
DA:590,0
DA:591,0
DA:592,0
DA:593,0
DA:597,0
DA:602,0
DA:603,0
DA:604,0
DA:605,0
DA:606,0
DA:609,0
DA:614,0
DA:621,0
DA:647,0
DA:649,0
DA:661,0
DA:662,0
DA:663,0
DA:664,0
DA:669,0
DA:676,0
DA:677,0
DA:678,0
DA:679,0
DA:680,0
DA:681,0
DA:684,0
DA:689,0
DA:690,0
DA:691,0
DA:693,0
DA:698,0
DA:699,0
DA:701,0
DA:706,0
DA:707,0
DA:708,0
DA:709,0
DA:714,0
DA:721,0
DA:743,0
DA:745,0
DA:754,0
DA:755,0
DA:756,0
DA:757,0
DA:762,0
DA:769,0
DA:773,0
LF:192
LH:0
BRDA:59,0,0,0
BRDA:59,0,1,0
BRDA:81,1,0,0
BRDA:81,1,1,0
BRDA:108,2,0,0
BRDA:108,2,1,0
BRDA:189,3,0,0
BRDA:196,4,0,0
BRDA:196,4,1,0
BRDA:197,5,0,0
BRDA:197,5,1,0
BRDA:199,6,0,0
BRDA:199,6,1,0
BRDA:331,7,0,0
BRDA:338,8,0,0
BRDA:338,8,1,0
BRDA:339,9,0,0
BRDA:339,9,1,0
BRDA:341,10,0,0
BRDA:341,10,1,0
BRDA:464,11,0,0
BRDA:580,12,0,0
BRDA:580,12,1,0
BRDA:606,13,0,0
BRDA:606,13,1,0
BRDA:616,14,0,0
BRDA:616,14,1,0
BRDA:679,15,0,0
BRDA:679,15,1,0
BRF:29
BRH:0
end_of_record
TN:
SF:src/types/index.ts
FNF:0
FNH:0
LF:0
LH:0
BRF:0
BRH:0
end_of_record
TN:
SF:src/utils/testUtils.ts
FN:8,(anonymous_0)
FN:18,(anonymous_1)
FN:37,(anonymous_2)
FN:54,(anonymous_3)
FN:65,(anonymous_4)
FN:81,(anonymous_5)
FN:317,(anonymous_6)
FN:325,(anonymous_7)
FN:339,(anonymous_8)
FN:340,(anonymous_9)
FN:344,(anonymous_10)
FN:345,(anonymous_11)
FN:349,(anonymous_12)
FN:350,(anonymous_13)
FN:354,(anonymous_14)
FN:355,(anonymous_15)
FN:360,(anonymous_16)
FN:364,(anonymous_17)
FN:368,(anonymous_18)
FN:372,(anonymous_19)
FN:377,(anonymous_20)
FN:382,(anonymous_21)
FN:386,(anonymous_22)
FN:391,(anonymous_23)
FN:397,(anonymous_24)
FN:402,(anonymous_25)
FN:405,(anonymous_26)
FN:406,(anonymous_27)
FN:407,(anonymous_28)
FN:413,(anonymous_29)
FN:416,(anonymous_30)
FN:417,(anonymous_31)
FN:418,(anonymous_32)
FN:424,(anonymous_33)
FN:427,(anonymous_34)
FN:441,(anonymous_35)
FN:448,(anonymous_36)
FNF:37
FNH:7
FNDA:3,(anonymous_0)
FNDA:0,(anonymous_1)
FNDA:0,(anonymous_2)
FNDA:0,(anonymous_3)
FNDA:0,(anonymous_4)
FNDA:0,(anonymous_5)
FNDA:0,(anonymous_6)
FNDA:8,(anonymous_7)
FNDA:0,(anonymous_8)
FNDA:0,(anonymous_9)
FNDA:0,(anonymous_10)
FNDA:0,(anonymous_11)
FNDA:0,(anonymous_12)
FNDA:0,(anonymous_13)
FNDA:0,(anonymous_14)
FNDA:0,(anonymous_15)
FNDA:0,(anonymous_16)
FNDA:0,(anonymous_17)
FNDA:0,(anonymous_18)
FNDA:0,(anonymous_19)
FNDA:0,(anonymous_20)
FNDA:0,(anonymous_21)
FNDA:0,(anonymous_22)
FNDA:0,(anonymous_23)
FNDA:0,(anonymous_24)
FNDA:6,(anonymous_25)
FNDA:0,(anonymous_26)
FNDA:0,(anonymous_27)
FNDA:0,(anonymous_28)
FNDA:6,(anonymous_29)
FNDA:0,(anonymous_30)
FNDA:0,(anonymous_31)
FNDA:0,(anonymous_32)
FNDA:6,(anonymous_33)
FNDA:0,(anonymous_34)
FNDA:3,(anonymous_35)
FNDA:77,(anonymous_36)
DA:8,3
DA:18,3
DA:37,3
DA:54,3
DA:65,3
DA:73,0
DA:81,0
DA:82,0
DA:89,0
DA:96,3
DA:147,3
DA:179,3
DA:221,3
DA:239,3
DA:257,3
DA:279,3
DA:296,3
DA:317,3
DA:325,8
DA:339,3
DA:340,0
DA:341,0
DA:344,3
DA:345,0
DA:346,0
DA:349,3
DA:350,0
DA:351,0
DA:354,3
DA:355,0
DA:356,0
DA:360,3
DA:361,0
DA:364,3
DA:365,0
DA:368,3
DA:369,0
DA:372,3
DA:373,0
DA:377,3
DA:378,0
DA:379,0
DA:382,3
DA:383,0
DA:386,3
DA:387,0
DA:388,0
DA:391,3
DA:392,0
DA:393,0
DA:397,3
DA:398,0
DA:402,3
DA:403,6
DA:404,6
DA:405,0
DA:406,0
DA:407,0
DA:409,6
DA:413,3
DA:414,6
DA:415,6
DA:416,0
DA:417,0
DA:418,0
DA:420,6
DA:424,3
DA:425,6
DA:427,0
DA:441,3
DA:442,3
DA:443,3
DA:444,3
DA:448,3
DA:449,77
DA:450,77
LF:76
LH:45
BRDA:67,0,0,0
BRDA:68,1,0,0
BRDA:69,2,0,0
BRDA:325,3,0,8
BRDA:378,4,0,0
BRDA:378,4,1,0
BRF:6
BRH:1
end_of_record
